2019-03-14 08:23:23,842-INFO-it is a test
03/14/2019-INFO-it is a test
03/14/2019 INFO: the http://v6directory.twnic.net.tw/directory.cgi is not exist
03/14/2019 INFO: the http://v6directory.twnic.net.tw/directory.cgi is not exist
03/14/2019 INFO: the http://v6directory.twnic.net.tw/directory.cgi is not exist
03/14/2019 INFO: the http://v6directory.twnic.net.tw/directory.cgi is not exist
03/14/2019 INFO: the http://v6directory.twnic.net.tw/directory.cgi is not exist
03/14/2019 INFO: the http://v6directory.twnic.net.tw/directory.cgi is not exist
03/14/2019 INFO: the http://v6directory.twnic.net.tw/directory.cgi is not exist
03/14/2019 INFO: the http://v6directory.twnic.net.tw/directory.cgi is not exist
03/14/2019 INFO: the http://v6directory.twnic.net.tw/directory.cgi is not exist
03/14/2019 INFO: the http://v6directory.twnic.net.tw/directory.cgi is not exist
03/14/2019 09:06:44 INFO: the http://v6directory.twnic.net.tw/directory.cgi is not exist
03/14/2019 09:12:23 INFO: the http://v6directory.twnic.net.tw/directory.cgi is not exist
03/14/2019 09:13:06 INFO: the http://v6directory.twnic.net.tw/directory.cgi is not exist
03/14/2019 09:13:20 INFO: the http://v6directory.twnic.net.tw/directory.cgi is not exist
03/14/2019 09:13:36 INFO: the http://v6directory.twnic.net.tw/directory.cgi is not exist
03/14/2019 09:15:43 INFO: the http://v6directory.twnic.net.tw/directory.cgi is not exist
03/14/2019 09:28:48 INFO: the http://v6directory.twnic.net.tw/directory.cgi is not exist
03/14/2019 09:28:48 INFO: http://v6directory.twnic.net.tw/directory.cgi SUCCESS
03/14/2019 09:29:22 INFO: the http://v6directory.twnic.net.tw/directory.cgi is not exist
03/14/2019 09:29:23 INFO: http://v6directory.twnic.net.tw/directory.cgi SUCCESS
03/14/2019 09:30:00 INFO: the http://v6directory.twnic.net.tw/directory.cgi is not exist
03/14/2019 09:30:00 INFO: http://v6directory.twnic.net.tw/directory.cgi SUCCESS
03/14/2019 09:31:04 INFO: the http://v6directory.twnic.net.tw/directory.cgi is not exist
03/14/2019 09:31:05 INFO: http://v6directory.twnic.net.tw/directory.cgi SUCCESS
03/14/2019 11:02:33 INFO: the http://v6directory.twnic.net.tw/directory.cgi?more100 is not exist
03/14/2019 11:02:33 INFO: http://v6directory.twnic.net.tw/directory.cgi?more100 SUCCESS
03/14/2019 11:02:36 INFO: the http://v6directory.twnic.net.tw/directory.cgi?more200 is not exist
03/14/2019 11:02:37 INFO: http://v6directory.twnic.net.tw/directory.cgi?more200 SUCCESS
03/14/2019 11:03:09 INFO: the http://v6directory.twnic.net.tw/directory.cgi?more300 is not exist
03/14/2019 11:03:46 INFO: the http://v6directory.twnic.net.tw/directory.cgi?more300 is not exist
03/14/2019 11:03:46 INFO: http://v6directory.twnic.net.tw/directory.cgi?more300 SUCCESS
03/14/2019 11:03:51 INFO: the http://v6directory.twnic.net.tw/directory.cgi?more400 is not exist
03/14/2019 11:03:51 INFO: http://v6directory.twnic.net.tw/directory.cgi?more400 SUCCESS
03/14/2019 11:03:52 INFO: the http://v6directory.twnic.net.tw/directory.cgi?more500 is not exist
03/14/2019 11:03:53 INFO: http://v6directory.twnic.net.tw/directory.cgi?more500 SUCCESS
03/14/2019 11:09:30 INFO: the http://v6directory.twnic.net.tw/directory.cgi?more=100 is not exist
03/14/2019 11:09:31 INFO: http://v6directory.twnic.net.tw/directory.cgi?more=100 SUCCESS
03/14/2019 11:10:37 INFO: the http://v6directory.twnic.net.tw/directory.cgi?more=200 is not exist
03/14/2019 11:10:38 INFO: http://v6directory.twnic.net.tw/directory.cgi?more=200 SUCCESS
03/14/2019 11:10:44 INFO: the http://v6directory.twnic.net.tw/directory.cgi?more=300 is not exist
03/14/2019 11:10:44 INFO: http://v6directory.twnic.net.tw/directory.cgi?more=300 SUCCESS
03/14/2019 11:10:45 INFO: the http://v6directory.twnic.net.tw/directory.cgi?more=400 is not exist
03/14/2019 11:10:46 INFO: http://v6directory.twnic.net.tw/directory.cgi?more=400 SUCCESS
03/14/2019 11:10:53 INFO: the http://v6directory.twnic.net.tw/directory.cgi?more=500 is not exist
03/14/2019 11:10:53 INFO: http://v6directory.twnic.net.tw/directory.cgi?more=500 SUCCESS
03/14/2019 11:10:55 INFO: the http://v6directory.twnic.net.tw/directory.cgi?more=600 is not exist
03/14/2019 11:10:56 INFO: http://v6directory.twnic.net.tw/directory.cgi?more=600 SUCCESS
03/14/2019 11:10:59 INFO: the http://v6directory.twnic.net.tw/directory.cgi?more=700 is not exist
03/14/2019 11:10:59 INFO: http://v6directory.twnic.net.tw/directory.cgi?more=700 SUCCESS
03/14/2019 11:11:06 INFO: the http://v6directory.twnic.net.tw/directory.cgi?more=800 is not exist
03/14/2019 11:11:07 INFO: http://v6directory.twnic.net.tw/directory.cgi?more=800 SUCCESS
03/14/2019 11:11:09 INFO: the http://v6directory.twnic.net.tw/directory.cgi?more=900 is not exist
03/14/2019 11:11:09 INFO: http://v6directory.twnic.net.tw/directory.cgi?more=900 SUCCESS
03/14/2019 11:11:15 INFO: the http://v6directory.twnic.net.tw/directory.cgi?more=1000 is not exist
03/14/2019 11:11:15 INFO: http://v6directory.twnic.net.tw/directory.cgi?more=1000 SUCCESS
03/14/2019 11:11:23 INFO: the http://v6directory.twnic.net.tw/directory.cgi?more=1100 is not exist
03/14/2019 11:11:23 INFO: http://v6directory.twnic.net.tw/directory.cgi?more=1100 SUCCESS
03/14/2019 11:11:30 INFO: the http://v6directory.twnic.net.tw/directory.cgi?more=1200 is not exist
03/14/2019 11:11:30 INFO: http://v6directory.twnic.net.tw/directory.cgi?more=1200 SUCCESS
03/14/2019 11:11:32 INFO: the http://v6directory.twnic.net.tw/directory.cgi?more=1300 is not exist
03/14/2019 11:11:33 INFO: http://v6directory.twnic.net.tw/directory.cgi?more=1300 SUCCESS
03/14/2019 11:11:39 INFO: the http://v6directory.twnic.net.tw/directory.cgi?more=1400 is not exist
03/14/2019 11:11:39 INFO: http://v6directory.twnic.net.tw/directory.cgi?more=1400 SUCCESS
03/14/2019 11:11:45 INFO: the http://v6directory.twnic.net.tw/directory.cgi?more=1500 is not exist
03/14/2019 11:11:46 INFO: http://v6directory.twnic.net.tw/directory.cgi?more=1500 SUCCESS
03/14/2019 11:11:52 INFO: the http://v6directory.twnic.net.tw/directory.cgi?more=1600 is not exist
03/14/2019 11:11:52 INFO: http://v6directory.twnic.net.tw/directory.cgi?more=1600 SUCCESS
03/14/2019 11:11:55 INFO: the http://v6directory.twnic.net.tw/directory.cgi?more=1700 is not exist
03/14/2019 11:11:56 INFO: http://v6directory.twnic.net.tw/directory.cgi?more=1700 SUCCESS
03/14/2019 11:11:58 INFO: the http://v6directory.twnic.net.tw/directory.cgi?more=1800 is not exist
03/14/2019 11:11:58 INFO: http://v6directory.twnic.net.tw/directory.cgi?more=1800 SUCCESS
03/14/2019 11:12:01 INFO: the http://v6directory.twnic.net.tw/directory.cgi?more=1900 is not exist
03/14/2019 11:12:02 INFO: http://v6directory.twnic.net.tw/directory.cgi?more=1900 SUCCESS
03/14/2019 11:12:08 INFO: the http://v6directory.twnic.net.tw/directory.cgi?more=2000 is not exist
03/14/2019 11:12:08 INFO: http://v6directory.twnic.net.tw/directory.cgi?more=2000 SUCCESS
03/14/2019 11:12:11 INFO: the http://v6directory.twnic.net.tw/directory.cgi?more=2100 is not exist
03/14/2019 11:12:12 INFO: http://v6directory.twnic.net.tw/directory.cgi?more=2100 SUCCESS
03/14/2019 11:12:14 INFO: the http://v6directory.twnic.net.tw/directory.cgi?more=2200 is not exist
03/14/2019 11:12:14 INFO: http://v6directory.twnic.net.tw/directory.cgi?more=2200 SUCCESS
03/14/2019 11:12:17 INFO: the http://v6directory.twnic.net.tw/directory.cgi?more=2300 is not exist
03/14/2019 11:12:17 INFO: http://v6directory.twnic.net.tw/directory.cgi?more=2300 SUCCESS
03/14/2019 11:12:24 INFO: the http://v6directory.twnic.net.tw/directory.cgi?more=2400 is not exist
03/14/2019 11:12:25 INFO: http://v6directory.twnic.net.tw/directory.cgi?more=2400 SUCCESS
03/14/2019 11:12:29 INFO: the http://v6directory.twnic.net.tw/directory.cgi?more=2500 is not exist
03/14/2019 11:12:29 INFO: http://v6directory.twnic.net.tw/directory.cgi?more=2500 SUCCESS
03/14/2019 11:12:32 INFO: the http://v6directory.twnic.net.tw/directory.cgi?more=2600 is not exist
03/14/2019 11:12:33 INFO: http://v6directory.twnic.net.tw/directory.cgi?more=2600 SUCCESS
03/14/2019 11:12:34 INFO: the http://v6directory.twnic.net.tw/directory.cgi?more=2700 is not exist
03/14/2019 11:12:34 INFO: http://v6directory.twnic.net.tw/directory.cgi?more=2700 SUCCESS
03/14/2019 11:12:35 INFO: the http://v6directory.twnic.net.tw/directory.cgi?more=2800 is not exist
03/14/2019 11:12:36 INFO: http://v6directory.twnic.net.tw/directory.cgi?more=2800 SUCCESS
03/14/2019 11:12:41 INFO: the http://v6directory.twnic.net.tw/directory.cgi?more=2900 is not exist
03/14/2019 11:12:41 INFO: http://v6directory.twnic.net.tw/directory.cgi?more=2900 SUCCESS
03/14/2019 11:12:47 INFO: the http://v6directory.twnic.net.tw/directory.cgi?more=3000 is not exist
03/14/2019 11:12:48 INFO: http://v6directory.twnic.net.tw/directory.cgi?more=3000 SUCCESS
03/14/2019 11:12:52 INFO: the http://v6directory.twnic.net.tw/directory.cgi?more=3100 is not exist
03/14/2019 11:12:52 INFO: http://v6directory.twnic.net.tw/directory.cgi?more=3100 SUCCESS
03/14/2019 11:12:54 INFO: the http://v6directory.twnic.net.tw/directory.cgi?more=3200 is not exist
03/14/2019 11:12:55 INFO: http://v6directory.twnic.net.tw/directory.cgi?more=3200 SUCCESS
03/14/2019 11:12:56 INFO: the http://v6directory.twnic.net.tw/directory.cgi?more=3300 is not exist
03/14/2019 11:12:56 INFO: http://v6directory.twnic.net.tw/directory.cgi?more=3300 SUCCESS
03/14/2019 11:12:57 INFO: the http://v6directory.twnic.net.tw/directory.cgi?more=3400 is not exist
03/14/2019 11:12:57 INFO: http://v6directory.twnic.net.tw/directory.cgi?more=3400 SUCCESS
03/14/2019 11:13:02 INFO: the http://v6directory.twnic.net.tw/directory.cgi?more=3500 is not exist
03/14/2019 11:13:02 INFO: http://v6directory.twnic.net.tw/directory.cgi?more=3500 SUCCESS
03/14/2019 11:13:06 INFO: the http://v6directory.twnic.net.tw/directory.cgi?more=3600 is not exist
03/14/2019 11:13:07 INFO: http://v6directory.twnic.net.tw/directory.cgi?more=3600 SUCCESS
03/14/2019 11:13:11 INFO: the http://v6directory.twnic.net.tw/directory.cgi?more=3700 is not exist
03/14/2019 11:13:11 INFO: http://v6directory.twnic.net.tw/directory.cgi?more=3700 SUCCESS
03/14/2019 11:13:14 INFO: the http://v6directory.twnic.net.tw/directory.cgi?more=3800 is not exist
03/14/2019 11:13:15 INFO: http://v6directory.twnic.net.tw/directory.cgi?more=3800 SUCCESS
03/14/2019 11:13:16 INFO: the http://v6directory.twnic.net.tw/directory.cgi?more=3900 is not exist
03/14/2019 11:13:31 INFO: http://v6directory.twnic.net.tw/directory.cgi?more=3900 SUCCESS
03/14/2019 11:13:32 INFO: the http://v6directory.twnic.net.tw/directory.cgi?more=4000 is not exist
03/14/2019 11:13:32 INFO: http://v6directory.twnic.net.tw/directory.cgi?more=4000 SUCCESS
03/14/2019 11:13:37 INFO: the http://v6directory.twnic.net.tw/directory.cgi?more=4100 is not exist
03/14/2019 11:13:38 INFO: http://v6directory.twnic.net.tw/directory.cgi?more=4100 SUCCESS
03/14/2019 11:13:40 INFO: the http://v6directory.twnic.net.tw/directory.cgi?more=4200 is not exist
03/14/2019 11:13:40 INFO: http://v6directory.twnic.net.tw/directory.cgi?more=4200 SUCCESS
03/14/2019 11:13:42 INFO: the http://v6directory.twnic.net.tw/directory.cgi?more=4300 is not exist
03/14/2019 11:13:43 INFO: http://v6directory.twnic.net.tw/directory.cgi?more=4300 SUCCESS
03/14/2019 11:13:49 INFO: the http://v6directory.twnic.net.tw/directory.cgi?more=4400 is not exist
03/14/2019 11:13:50 INFO: http://v6directory.twnic.net.tw/directory.cgi?more=4400 SUCCESS
03/14/2019 11:13:51 INFO: the http://v6directory.twnic.net.tw/directory.cgi?more=4500 is not exist
03/14/2019 11:13:52 INFO: http://v6directory.twnic.net.tw/directory.cgi?more=4500 SUCCESS
03/14/2019 11:13:58 INFO: the http://v6directory.twnic.net.tw/directory.cgi?more=4600 is not exist
03/14/2019 11:13:58 INFO: http://v6directory.twnic.net.tw/directory.cgi?more=4600 SUCCESS
03/14/2019 11:14:00 INFO: the http://v6directory.twnic.net.tw/directory.cgi?more=4700 is not exist
03/14/2019 11:14:01 INFO: http://v6directory.twnic.net.tw/directory.cgi?more=4700 SUCCESS
03/14/2019 11:14:03 INFO: the http://v6directory.twnic.net.tw/directory.cgi?more=4800 is not exist
03/14/2019 11:14:03 INFO: http://v6directory.twnic.net.tw/directory.cgi?more=4800 SUCCESS
03/14/2019 11:14:07 INFO: the http://v6directory.twnic.net.tw/directory.cgi?more=4900 is not exist
03/14/2019 11:14:07 INFO: http://v6directory.twnic.net.tw/directory.cgi?more=4900 SUCCESS
03/14/2019 11:14:13 INFO: the http://v6directory.twnic.net.tw/directory.cgi?more=5000 is not exist
03/14/2019 11:14:14 INFO: http://v6directory.twnic.net.tw/directory.cgi?more=5000 SUCCESS
03/14/2019 11:14:20 INFO: the http://v6directory.twnic.net.tw/directory.cgi?more=5100 is not exist
03/14/2019 11:14:20 INFO: http://v6directory.twnic.net.tw/directory.cgi?more=5100 SUCCESS
03/14/2019 11:14:21 INFO: the http://v6directory.twnic.net.tw/directory.cgi?more=5200 is not exist
03/14/2019 11:14:22 INFO: http://v6directory.twnic.net.tw/directory.cgi?more=5200 SUCCESS
03/14/2019 11:14:24 INFO: the http://v6directory.twnic.net.tw/directory.cgi?more=5300 is not exist
03/14/2019 11:14:24 INFO: http://v6directory.twnic.net.tw/directory.cgi?more=5300 SUCCESS
03/14/2019 11:14:28 INFO: the http://v6directory.twnic.net.tw/directory.cgi?more=5400 is not exist
03/14/2019 11:14:29 INFO: http://v6directory.twnic.net.tw/directory.cgi?more=5400 SUCCESS
03/14/2019 11:14:33 INFO: the http://v6directory.twnic.net.tw/directory.cgi?more=5500 is not exist
03/14/2019 11:14:33 INFO: http://v6directory.twnic.net.tw/directory.cgi?more=5500 SUCCESS
03/14/2019 11:14:36 INFO: the http://v6directory.twnic.net.tw/directory.cgi?more=5600 is not exist
03/14/2019 11:14:37 INFO: http://v6directory.twnic.net.tw/directory.cgi?more=5600 SUCCESS
03/14/2019 11:14:41 INFO: the http://v6directory.twnic.net.tw/directory.cgi?more=5700 is not exist
03/14/2019 11:14:41 INFO: http://v6directory.twnic.net.tw/directory.cgi?more=5700 SUCCESS
03/14/2019 11:14:43 INFO: the http://v6directory.twnic.net.tw/directory.cgi?more=5800 is not exist
03/14/2019 11:14:44 INFO: http://v6directory.twnic.net.tw/directory.cgi?more=5800 SUCCESS
03/14/2019 11:14:45 INFO: the http://v6directory.twnic.net.tw/directory.cgi?more=5900 is not exist
03/14/2019 11:14:45 INFO: http://v6directory.twnic.net.tw/directory.cgi?more=5900 SUCCESS
03/14/2019 11:14:47 INFO: the http://v6directory.twnic.net.tw/directory.cgi?more=6000 is not exist
03/14/2019 11:14:48 INFO: http://v6directory.twnic.net.tw/directory.cgi?more=6000 SUCCESS
03/14/2019 11:14:49 INFO: the http://v6directory.twnic.net.tw/directory.cgi?more=6100 is not exist
03/14/2019 11:14:49 INFO: http://v6directory.twnic.net.tw/directory.cgi?more=6100 SUCCESS
03/14/2019 11:14:52 INFO: the http://v6directory.twnic.net.tw/directory.cgi?more=6200 is not exist
03/14/2019 11:14:53 INFO: http://v6directory.twnic.net.tw/directory.cgi?more=6200 SUCCESS
03/14/2019 11:14:55 INFO: the http://v6directory.twnic.net.tw/directory.cgi?more=6300 is not exist
03/14/2019 11:14:55 INFO: http://v6directory.twnic.net.tw/directory.cgi?more=6300 SUCCESS
03/14/2019 11:14:57 INFO: the http://v6directory.twnic.net.tw/directory.cgi?more=6400 is not exist
03/14/2019 11:14:58 INFO: http://v6directory.twnic.net.tw/directory.cgi?more=6400 SUCCESS
03/14/2019 11:15:03 INFO: the http://v6directory.twnic.net.tw/directory.cgi?more=6500 is not exist
03/14/2019 11:15:03 INFO: http://v6directory.twnic.net.tw/directory.cgi?more=6500 SUCCESS
03/14/2019 11:15:10 INFO: the http://v6directory.twnic.net.tw/directory.cgi?more=6600 is not exist
03/14/2019 11:15:10 INFO: http://v6directory.twnic.net.tw/directory.cgi?more=6600 SUCCESS
03/14/2019 11:15:14 INFO: the http://v6directory.twnic.net.tw/directory.cgi?more=6700 is not exist
03/14/2019 11:15:15 INFO: http://v6directory.twnic.net.tw/directory.cgi?more=6700 SUCCESS
03/14/2019 11:15:20 INFO: the http://v6directory.twnic.net.tw/directory.cgi?more=6800 is not exist
03/14/2019 11:15:21 INFO: http://v6directory.twnic.net.tw/directory.cgi?more=6800 SUCCESS
03/14/2019 11:15:22 INFO: the http://v6directory.twnic.net.tw/directory.cgi?more=6900 is not exist
03/14/2019 11:15:22 INFO: http://v6directory.twnic.net.tw/directory.cgi?more=6900 SUCCESS
03/14/2019 11:15:24 INFO: the http://v6directory.twnic.net.tw/directory.cgi?more=7000 is not exist
03/14/2019 11:15:24 INFO: http://v6directory.twnic.net.tw/directory.cgi?more=7000 SUCCESS
03/14/2019 11:15:29 INFO: the http://v6directory.twnic.net.tw/directory.cgi?more=7100 is not exist
03/14/2019 11:15:30 INFO: http://v6directory.twnic.net.tw/directory.cgi?more=7100 SUCCESS
03/14/2019 11:15:34 INFO: the http://v6directory.twnic.net.tw/directory.cgi?more=7200 is not exist
03/14/2019 11:15:34 INFO: http://v6directory.twnic.net.tw/directory.cgi?more=7200 SUCCESS
03/14/2019 11:15:36 INFO: the http://v6directory.twnic.net.tw/directory.cgi?more=7300 is not exist
03/14/2019 11:15:37 INFO: http://v6directory.twnic.net.tw/directory.cgi?more=7300 SUCCESS
03/14/2019 11:15:39 INFO: the http://v6directory.twnic.net.tw/directory.cgi?more=7400 is not exist
03/14/2019 11:15:39 INFO: http://v6directory.twnic.net.tw/directory.cgi?more=7400 SUCCESS
03/14/2019 11:15:43 INFO: the http://v6directory.twnic.net.tw/directory.cgi?more=7500 is not exist
03/14/2019 11:15:44 INFO: http://v6directory.twnic.net.tw/directory.cgi?more=7500 SUCCESS
03/14/2019 11:15:48 INFO: the http://v6directory.twnic.net.tw/directory.cgi?more=7600 is not exist
03/14/2019 11:16:03 INFO: http://v6directory.twnic.net.tw/directory.cgi?more=7600 SUCCESS
03/14/2019 11:16:08 INFO: the http://v6directory.twnic.net.tw/directory.cgi?more=7700 is not exist
03/14/2019 11:16:09 INFO: http://v6directory.twnic.net.tw/directory.cgi?more=7700 SUCCESS
03/14/2019 11:16:14 INFO: the http://v6directory.twnic.net.tw/directory.cgi?more=7800 is not exist
03/14/2019 11:16:16 INFO: http://v6directory.twnic.net.tw/directory.cgi?more=7800 SUCCESS
03/14/2019 11:16:19 INFO: the http://v6directory.twnic.net.tw/directory.cgi?more=7900 is not exist
03/14/2019 11:16:19 INFO: http://v6directory.twnic.net.tw/directory.cgi?more=7900 SUCCESS
03/14/2019 11:16:23 INFO: the http://v6directory.twnic.net.tw/directory.cgi?more=8000 is not exist
03/14/2019 11:16:24 INFO: http://v6directory.twnic.net.tw/directory.cgi?more=8000 SUCCESS
03/14/2019 11:16:31 INFO: the http://v6directory.twnic.net.tw/directory.cgi?more=8100 is not exist
03/14/2019 11:16:31 INFO: http://v6directory.twnic.net.tw/directory.cgi?more=8100 SUCCESS
03/14/2019 11:16:35 INFO: the http://v6directory.twnic.net.tw/directory.cgi?more=8200 is not exist
03/14/2019 11:16:35 INFO: http://v6directory.twnic.net.tw/directory.cgi?more=8200 SUCCESS
03/14/2019 11:16:42 INFO: the http://v6directory.twnic.net.tw/directory.cgi?more=8300 is not exist
03/14/2019 11:16:42 INFO: http://v6directory.twnic.net.tw/directory.cgi?more=8300 SUCCESS
03/14/2019 11:16:45 INFO: the http://v6directory.twnic.net.tw/directory.cgi?more=8400 is not exist
03/14/2019 11:16:46 INFO: http://v6directory.twnic.net.tw/directory.cgi?more=8400 SUCCESS
03/14/2019 11:16:51 INFO: the http://v6directory.twnic.net.tw/directory.cgi?more=8500 is not exist
03/14/2019 11:16:51 INFO: http://v6directory.twnic.net.tw/directory.cgi?more=8500 SUCCESS
03/14/2019 11:16:52 INFO: the http://v6directory.twnic.net.tw/directory.cgi?more=8600 is not exist
03/14/2019 11:16:53 INFO: http://v6directory.twnic.net.tw/directory.cgi?more=8600 SUCCESS
03/14/2019 11:16:59 INFO: the http://v6directory.twnic.net.tw/directory.cgi?more=8700 is not exist
03/14/2019 11:16:59 INFO: http://v6directory.twnic.net.tw/directory.cgi?more=8700 SUCCESS
03/14/2019 11:17:02 INFO: the http://v6directory.twnic.net.tw/directory.cgi?more=8800 is not exist
03/14/2019 11:17:03 INFO: http://v6directory.twnic.net.tw/directory.cgi?more=8800 SUCCESS
03/14/2019 11:17:04 INFO: the http://v6directory.twnic.net.tw/directory.cgi?more=8900 is not exist
03/14/2019 11:17:04 INFO: http://v6directory.twnic.net.tw/directory.cgi?more=8900 SUCCESS
03/14/2019 11:17:07 INFO: the http://v6directory.twnic.net.tw/directory.cgi?more=9000 is not exist
03/14/2019 11:17:07 INFO: http://v6directory.twnic.net.tw/directory.cgi?more=9000 SUCCESS
03/14/2019 11:17:11 INFO: the http://v6directory.twnic.net.tw/directory.cgi?more=9100 is not exist
03/14/2019 11:17:11 INFO: http://v6directory.twnic.net.tw/directory.cgi?more=9100 SUCCESS
03/14/2019 11:17:16 INFO: the http://v6directory.twnic.net.tw/directory.cgi?more=9200 is not exist
03/14/2019 11:17:16 INFO: http://v6directory.twnic.net.tw/directory.cgi?more=9200 SUCCESS
03/14/2019 11:17:21 INFO: the http://v6directory.twnic.net.tw/directory.cgi?more=9300 is not exist
03/14/2019 11:17:22 INFO: http://v6directory.twnic.net.tw/directory.cgi?more=9300 SUCCESS
03/14/2019 11:17:28 INFO: the http://v6directory.twnic.net.tw/directory.cgi?more=9400 is not exist
03/14/2019 11:17:29 INFO: http://v6directory.twnic.net.tw/directory.cgi?more=9400 SUCCESS
03/14/2019 11:17:32 INFO: the http://v6directory.twnic.net.tw/directory.cgi?more=9500 is not exist
03/14/2019 11:17:32 INFO: http://v6directory.twnic.net.tw/directory.cgi?more=9500 SUCCESS
03/14/2019 11:17:36 INFO: the http://v6directory.twnic.net.tw/directory.cgi?more=9600 is not exist
03/14/2019 11:17:37 INFO: http://v6directory.twnic.net.tw/directory.cgi?more=9600 SUCCESS
03/14/2019 11:17:42 INFO: the http://v6directory.twnic.net.tw/directory.cgi?more=9700 is not exist
03/14/2019 11:17:42 INFO: http://v6directory.twnic.net.tw/directory.cgi?more=9700 SUCCESS
03/14/2019 11:17:49 INFO: the http://v6directory.twnic.net.tw/directory.cgi?more=9800 is not exist
03/14/2019 11:17:50 INFO: http://v6directory.twnic.net.tw/directory.cgi?more=9800 SUCCESS
03/14/2019 11:17:55 INFO: the http://v6directory.twnic.net.tw/directory.cgi?more=9900 is not exist
03/14/2019 11:17:55 INFO: http://v6directory.twnic.net.tw/directory.cgi?more=9900 SUCCESS
03/14/2019 11:21:15 INFO: the http://v6directory.twnic.net.tw/directory.cgi?more=10000 is not exist
03/14/2019 11:21:15 INFO: http://v6directory.twnic.net.tw/directory.cgi?more=10000 SUCCESS
03/14/2019 11:21:15 INFO: the http://v6directory.twnic.net.tw/directory.cgi?more=10100 is not exist
03/14/2019 11:21:16 INFO: http://v6directory.twnic.net.tw/directory.cgi?more=10100 SUCCESS
03/14/2019 11:21:16 INFO: the http://v6directory.twnic.net.tw/directory.cgi?more=10200 is not exist
03/14/2019 11:21:17 INFO: http://v6directory.twnic.net.tw/directory.cgi?more=10200 SUCCESS
03/14/2019 11:21:17 INFO: the http://v6directory.twnic.net.tw/directory.cgi?more=10300 is not exist
03/14/2019 11:21:17 INFO: http://v6directory.twnic.net.tw/directory.cgi?more=10300 SUCCESS
03/14/2019 11:21:17 INFO: the http://v6directory.twnic.net.tw/directory.cgi?more=10400 is not exist
03/14/2019 11:21:18 INFO: http://v6directory.twnic.net.tw/directory.cgi?more=10400 SUCCESS
03/14/2019 11:21:18 INFO: the http://v6directory.twnic.net.tw/directory.cgi?more=10500 is not exist
03/14/2019 11:21:19 INFO: http://v6directory.twnic.net.tw/directory.cgi?more=10500 SUCCESS
03/14/2019 11:21:19 INFO: the http://v6directory.twnic.net.tw/directory.cgi?more=10600 is not exist
03/14/2019 11:21:20 INFO: http://v6directory.twnic.net.tw/directory.cgi?more=10600 SUCCESS
03/14/2019 11:21:20 INFO: the http://v6directory.twnic.net.tw/directory.cgi?more=10700 is not exist
03/14/2019 11:21:20 INFO: http://v6directory.twnic.net.tw/directory.cgi?more=10700 SUCCESS
03/14/2019 11:21:20 INFO: the http://v6directory.twnic.net.tw/directory.cgi?more=10800 is not exist
03/14/2019 11:21:21 INFO: http://v6directory.twnic.net.tw/directory.cgi?more=10800 SUCCESS
03/14/2019 11:21:21 INFO: the http://v6directory.twnic.net.tw/directory.cgi?more=10900 is not exist
03/14/2019 11:22:07 INFO: the http://v6directory.twnic.net.tw/directory.cgi?more=10900 is not exist
03/14/2019 11:22:07 INFO: http://v6directory.twnic.net.tw/directory.cgi?more=10900 SUCCESS
03/14/2019 11:22:09 INFO: the http://v6directory.twnic.net.tw/directory.cgi?more=11000 is not exist
03/14/2019 11:22:10 INFO: http://v6directory.twnic.net.tw/directory.cgi?more=11000 SUCCESS
03/14/2019 11:22:16 INFO: the http://v6directory.twnic.net.tw/directory.cgi?more=11100 is not exist
03/14/2019 11:22:16 INFO: http://v6directory.twnic.net.tw/directory.cgi?more=11100 SUCCESS
03/14/2019 11:22:23 INFO: the http://v6directory.twnic.net.tw/directory.cgi?more=11200 is not exist
03/14/2019 11:22:23 INFO: http://v6directory.twnic.net.tw/directory.cgi?more=11200 SUCCESS
03/14/2019 11:22:24 INFO: the http://v6directory.twnic.net.tw/directory.cgi?more=11300 is not exist
03/14/2019 11:22:24 INFO: http://v6directory.twnic.net.tw/directory.cgi?more=11300 SUCCESS
03/14/2019 11:22:31 INFO: the http://v6directory.twnic.net.tw/directory.cgi?more=11400 is not exist
03/14/2019 11:22:31 INFO: http://v6directory.twnic.net.tw/directory.cgi?more=11400 SUCCESS
03/14/2019 11:22:32 INFO: the http://v6directory.twnic.net.tw/directory.cgi?more=11500 is not exist
03/14/2019 11:22:33 INFO: http://v6directory.twnic.net.tw/directory.cgi?more=11500 SUCCESS
03/14/2019 11:22:34 INFO: the http://v6directory.twnic.net.tw/directory.cgi?more=11600 is not exist
03/14/2019 11:22:35 INFO: http://v6directory.twnic.net.tw/directory.cgi?more=11600 SUCCESS
03/14/2019 11:22:37 INFO: the http://v6directory.twnic.net.tw/directory.cgi?more=11700 is not exist
03/14/2019 11:22:37 INFO: http://v6directory.twnic.net.tw/directory.cgi?more=11700 SUCCESS
03/14/2019 11:22:43 INFO: the http://v6directory.twnic.net.tw/directory.cgi?more=11800 is not exist
03/14/2019 11:22:43 INFO: http://v6directory.twnic.net.tw/directory.cgi?more=11800 SUCCESS
03/14/2019 11:23:58 INFO: the http://v6directory.twnic.net.tw/directory.cgi?more=11900 is not exist
03/14/2019 11:24:00 INFO: http://v6directory.twnic.net.tw/directory.cgi?more=11900 SUCCESS
03/14/2019 11:24:03 INFO: the http://v6directory.twnic.net.tw/directory.cgi?more=12000 is not exist
05/19/2019 10:18:07 INFO: the www.baidu.com is not exist
05/19/2019 10:18:25 INFO: the http://www.baidu.com is not exist
05/19/2019 10:18:42 INFO: the http://www.baidu.com is not exist
05/19/2019 10:18:52 INFO: the http://www.baidu.com is not exist
05/19/2019 10:24:14 INFO: the http://www.baidu.com is not exist
05/19/2019 10:24:30 INFO: the http://www.baidu.com is not exist
05/19/2019 10:25:36 INFO: the http://www.baidu.com is not exist
05/19/2019 10:26:26 INFO: the http://www.baidu.com is not exist
05/19/2019 10:27:22 INFO: the http://www.baidu.com is not exist
05/19/2019 10:27:23 INFO: http://www.baidu.com SUCCESS
05/19/2019 10:27:33 INFO: the http://www.baidu.com is not exist
05/19/2019 10:27:33 INFO: http://www.baidu.com SUCCESS
05/19/2019 10:28:03 INFO: the http://www.baidu.com is not exist
05/19/2019 10:28:04 INFO: http://www.baidu.com SUCCESS
05/19/2019 10:35:37 INFO: the www.baidu.com is not exist
05/19/2019 10:36:28 INFO: the http://www.baidu.com is not exist
05/19/2019 10:36:28 INFO: http://www.baidu.com SUCCESS
05/19/2019 10:39:19 INFO: the http://www.baidu.com is not exist
05/19/2019 10:39:20 INFO: http://www.baidu.com SUCCESS
05/19/2019 10:40:02 INFO: the http://www.baidu.com is not exist
05/19/2019 10:41:08 INFO: http://www.baidu.com SUCCESS
05/19/2019 10:42:57 INFO: the http://www.baidu.com is not exist
05/19/2019 10:42:58 INFO: http://www.baidu.com SUCCESS
05/19/2019 10:43:13 INFO: the http://www.baidu.com is not exist
05/19/2019 10:43:13 INFO: http://www.baidu.com SUCCESS
05/19/2019 11:20:06 INFO: the http://www.baidu.com is not exist
05/19/2019 11:20:06 INFO: http://www.baidu.com SUCCESS
05/19/2019 11:20:06 INFO: the http://www.baidu.com is not exist
05/19/2019 11:20:06 INFO: http://www.baidu.com SUCCESS
05/19/2019 11:20:17 INFO: the http://www.baidu.com is not exist
05/19/2019 11:20:18 INFO: http://www.baidu.com SUCCESS
05/19/2019 11:20:18 INFO: the http://www.baidu.com is not exist
05/19/2019 11:20:18 INFO: http://www.baidu.com SUCCESS
05/19/2019 11:20:18 INFO: the http://www.baidu.com is not exist
05/19/2019 11:20:18 INFO: http://www.baidu.com SUCCESS
05/19/2019 11:20:18 INFO: the http://tieba.baidu.com is not exist
05/19/2019 11:20:19 INFO: http://tieba.baidu.com SUCCESS
05/19/2019 11:20:19 INFO: the http://tieba.baidu.com is not exist
05/19/2019 11:20:20 INFO: http://tieba.baidu.com SUCCESS
05/19/2019 11:20:20 INFO: the http://tieba.baidu.com is not exist
05/19/2019 11:20:21 INFO: http://tieba.baidu.com SUCCESS
05/19/2019 11:20:21 INFO: the http://ix.baidu.com is not exist
05/19/2019 11:20:21 INFO: http://ix.baidu.com SUCCESS
05/19/2019 11:20:22 INFO: the http://ix.baidu.com is not exist
05/19/2019 11:20:22 INFO: http://ix.baidu.com SUCCESS
05/19/2019 11:20:22 INFO: the http://ix.baidu.com is not exist
05/19/2019 11:20:23 INFO: http://ix.baidu.com SUCCESS
05/19/2019 11:20:23 INFO: the http://test.baidu.test is not exist
05/19/2019 11:20:23 INFO: the http://test.baidu.test is not exist
05/19/2019 11:20:23 INFO: the http://test.baidu.test is not exist
05/19/2019 11:20:49 INFO: the http://www.baidu.com is not exist
05/19/2019 11:20:49 INFO: http://www.baidu.com SUCCESS
05/19/2019 11:20:49 INFO: the http://tieba.baidu.com is not exist
05/19/2019 11:20:50 INFO: http://tieba.baidu.com SUCCESS
05/19/2019 11:20:50 INFO: the http://ix.baidu.com is not exist
05/19/2019 11:20:51 INFO: http://ix.baidu.com SUCCESS
05/19/2019 11:20:51 INFO: the http://test.baidu.test is not exist
05/19/2019 11:21:21 INFO: the http://www.baidu.com is not exist
05/19/2019 11:21:21 INFO: http://www.baidu.com SUCCESS
05/19/2019 11:21:21 INFO: the http://tieba.baidu.com is not exist
05/19/2019 11:21:22 INFO: http://tieba.baidu.com SUCCESS
05/19/2019 11:21:22 INFO: the http://ix.baidu.com is not exist
05/19/2019 11:21:23 INFO: http://ix.baidu.com SUCCESS
05/19/2019 11:21:23 INFO: the http://test.baidu.test is not exist
05/19/2019 11:39:11 INFO: the http://www.baidu.com is not exist
05/19/2019 11:39:11 INFO: http://www.baidu.com SUCCESS
05/19/2019 11:39:11 INFO: the http://tieba.baidu.com is not exist
05/19/2019 11:39:12 INFO: http://tieba.baidu.com SUCCESS
05/19/2019 11:39:12 INFO: the http://ix.baidu.com is not exist
05/19/2019 11:39:13 INFO: http://ix.baidu.com SUCCESS
05/19/2019 11:39:13 INFO: the http://test.baidu.test is not exist
05/19/2019 11:41:49 INFO: the http://www.baidu.com is not exist
05/19/2019 11:41:49 INFO: http://www.baidu.com SUCCESS
05/19/2019 11:41:50 INFO: the http://tieba.baidu.com is not exist
05/19/2019 11:41:50 INFO: http://tieba.baidu.com SUCCESS
05/19/2019 11:41:50 INFO: the http://ix.baidu.com is not exist
05/19/2019 11:41:51 INFO: http://ix.baidu.com SUCCESS
05/19/2019 11:41:51 INFO: the http://test.baidu.test is not exist
05/19/2019 11:43:56 INFO: the http://www.baidu.com is not exist
05/19/2019 11:43:56 INFO: http://www.baidu.com SUCCESS
05/19/2019 11:43:56 INFO: the http://tieba.baidu.com is not exist
05/19/2019 11:43:57 INFO: http://tieba.baidu.com SUCCESS
05/19/2019 11:43:57 INFO: the http://ix.baidu.com is not exist
05/19/2019 11:43:58 INFO: http://ix.baidu.com SUCCESS
05/19/2019 11:43:58 INFO: the http://test.baidu.test is not exist
05/19/2019 05:49:14 INFO: the http://baidu.com is not exist
05/19/2019 05:49:14 INFO: http://baidu.com SUCCESS
05/19/2019 05:49:21 INFO: the http://baidu.com is not exist
05/19/2019 05:49:21 INFO: http://baidu.com SUCCESS
05/19/2019 05:50:13 INFO: the http://or.baidu.com is not exist
05/19/2019 05:50:13 INFO: http://or.baidu.com SUCCESS
05/19/2019 05:50:13 INFO: the http://imsg.baidu.com is not exist
05/19/2019 05:50:14 INFO: http://imsg.baidu.com SUCCESS
05/19/2019 05:50:14 INFO: the http://jingyan.baidu.com is not exist
05/19/2019 05:50:15 INFO: http://jingyan.baidu.com SUCCESS
05/19/2019 05:50:15 INFO: the http://imgsa.baidu.com is not exist
05/19/2019 05:50:15 INFO: http://imgsa.baidu.com SUCCESS
05/19/2019 05:50:15 INFO: the http://libs.baidu.com is not exist
05/19/2019 05:50:16 WARNING: http://libs.baidu.com ERROR 403
05/19/2019 05:50:16 INFO: the http://mappsearch.gdown.baidu.com is not exist
05/19/2019 05:50:16 WARNING: http://mappsearch.gdown.baidu.com ERROR 403
05/19/2019 05:50:16 INFO: the http://hpd.baidu.com is not exist
05/19/2019 05:50:16 INFO: http://hpd.baidu.com SUCCESS
05/19/2019 05:50:16 INFO: the http://dxp.baidu.com is not exist
05/19/2019 05:50:16 WARNING: http://dxp.baidu.com ERROR 404
05/19/2019 05:50:16 INFO: the http://hm.baidu.com is not exist
05/19/2019 05:50:17 INFO: http://hm.baidu.com SUCCESS
05/19/2019 05:50:17 INFO: the http://zhidao.baidu.com is not exist
05/19/2019 05:50:18 INFO: http://zhidao.baidu.com SUCCESS
05/19/2019 05:50:18 INFO: the http://wenku.baidu.com is not exist
05/19/2019 05:50:19 INFO: http://wenku.baidu.com SUCCESS
05/19/2019 05:50:19 INFO: the http://sp0.baidu.com is not exist
05/19/2019 05:50:19 INFO: http://sp0.baidu.com SUCCESS
05/19/2019 05:50:19 INFO: the http://image.baidu.com is not exist
05/19/2019 05:50:19 INFO: http://image.baidu.com SUCCESS
05/19/2019 05:50:19 INFO: the http://mbd.baidu.com is not exist
05/19/2019 05:50:20 INFO: http://mbd.baidu.com SUCCESS
05/19/2019 05:50:20 INFO: the http://cybertran.baidu.com is not exist
05/19/2019 05:50:20 INFO: http://cybertran.baidu.com SUCCESS
05/19/2019 05:50:20 INFO: the http://hkdownload.baidu.com is not exist
05/19/2019 05:50:21 INFO: http://hkdownload.baidu.com SUCCESS
05/19/2019 05:50:21 INFO: the http://mhappsearch.gdown.baidu.com is not exist
05/19/2019 05:50:21 WARNING: http://mhappsearch.gdown.baidu.com ERROR 403
05/19/2019 05:50:21 INFO: the http://useractionsdkapi.baidu.com is not exist
05/19/2019 05:50:21 WARNING: http://useractionsdkapi.baidu.com ERROR 404
05/19/2019 05:50:21 INFO: the http://top.baidu.com is not exist
05/19/2019 05:50:22 INFO: http://top.baidu.com SUCCESS
05/19/2019 05:50:22 INFO: the http://ss0.baidu.com is not exist
05/19/2019 05:52:18 INFO: the http://yun.baidu.com is not exist
05/19/2019 05:52:19 INFO: http://yun.baidu.com SUCCESS
05/19/2019 05:52:19 INFO: the http://sclick.baidu.com is not exist
05/19/2019 05:52:19 INFO: the http://im.baidu.com is not exist
05/19/2019 05:52:20 INFO: http://im.baidu.com SUCCESS
05/19/2019 05:52:20 INFO: the http://gdown.baidu.com is not exist
05/19/2019 05:52:20 WARNING: http://gdown.baidu.com ERROR 403
05/19/2019 05:52:20 INFO: the http://sv.baidu.com is not exist
05/19/2019 05:52:21 INFO: http://sv.baidu.com SUCCESS
05/19/2019 05:52:21 INFO: the http://fanyi.baidu.com is not exist
05/19/2019 05:52:22 INFO: http://fanyi.baidu.com SUCCESS
05/19/2019 05:52:22 INFO: the http://znsv.baidu.com is not exist
05/19/2019 05:52:22 INFO: http://znsv.baidu.com SUCCESS
05/19/2019 05:52:22 INFO: the http://tanbi.baidu.com is not exist
05/19/2019 05:52:23 INFO: http://tanbi.baidu.com SUCCESS
05/19/2019 05:52:23 INFO: the http://v.hao123.baidu.com is not exist
05/19/2019 05:52:23 INFO: http://v.hao123.baidu.com SUCCESS
05/19/2019 05:52:23 INFO: the http://t10.baidu.com is not exist
05/19/2019 05:52:23 WARNING: http://t10.baidu.com ERROR 403
05/19/2019 05:52:23 INFO: the http://downapp.baidu.com is not exist
05/19/2019 05:52:23 WARNING: http://downapp.baidu.com ERROR 403
05/19/2019 05:52:23 INFO: the http://shahe.baidu.com is not exist
05/19/2019 05:52:24 INFO: http://shahe.baidu.com SUCCESS
05/19/2019 05:52:24 INFO: the http://passport.baidu.com is not exist
05/19/2019 05:52:24 INFO: http://passport.baidu.com SUCCESS
05/19/2019 05:52:24 INFO: the http://apis.baidu.com is not exist
05/19/2019 05:52:25 INFO: http://apis.baidu.com SUCCESS
05/19/2019 05:52:25 INFO: the http://appc.baidu.com is not exist
05/19/2019 05:52:25 INFO: http://appc.baidu.com SUCCESS
05/19/2019 05:52:25 INFO: the http://logs.baidu.com is not exist
05/19/2019 05:54:08 INFO: the http://csm.baidu.com is not exist
05/19/2019 05:54:08 INFO: the http://tag.baidu.com is not exist
05/19/2019 05:54:08 INFO: http://tag.baidu.com SUCCESS
05/19/2019 05:54:08 INFO: the http://or.baidu.com is not exist
05/19/2019 05:54:09 INFO: http://or.baidu.com SUCCESS
05/19/2019 05:54:09 INFO: the http://imsg.baidu.com is not exist
05/19/2019 05:54:09 INFO: http://imsg.baidu.com SUCCESS
05/19/2019 05:54:09 INFO: the http://jingyan.baidu.com is not exist
05/19/2019 05:54:10 INFO: http://jingyan.baidu.com SUCCESS
05/19/2019 05:54:10 INFO: the http://imgsa.baidu.com is not exist
05/19/2019 05:54:10 INFO: http://imgsa.baidu.com SUCCESS
05/19/2019 05:54:10 INFO: the http://libs.baidu.com is not exist
05/19/2019 05:54:11 WARNING: http://libs.baidu.com ERROR 500
05/19/2019 05:54:11 INFO: the http://mappsearch.gdown.baidu.com is not exist
05/19/2019 05:54:11 WARNING: http://mappsearch.gdown.baidu.com ERROR 403
05/19/2019 05:54:11 INFO: the http://hpd.baidu.com is not exist
05/19/2019 05:54:11 INFO: http://hpd.baidu.com SUCCESS
05/19/2019 05:54:11 INFO: the http://dxp.baidu.com is not exist
05/19/2019 05:54:11 WARNING: http://dxp.baidu.com ERROR 404
05/19/2019 05:54:11 INFO: the http://hm.baidu.com is not exist
05/19/2019 05:54:11 INFO: http://hm.baidu.com SUCCESS
05/19/2019 05:54:11 INFO: the http://zhidao.baidu.com is not exist
05/19/2019 05:54:13 INFO: http://zhidao.baidu.com SUCCESS
05/19/2019 05:54:13 INFO: the http://wenku.baidu.com is not exist
05/19/2019 05:54:13 INFO: http://wenku.baidu.com SUCCESS
05/19/2019 05:54:13 INFO: the http://sp0.baidu.com is not exist
05/19/2019 05:54:14 INFO: http://sp0.baidu.com SUCCESS
05/19/2019 05:54:14 INFO: the http://image.baidu.com is not exist
05/19/2019 05:54:14 INFO: http://image.baidu.com SUCCESS
05/19/2019 05:54:14 INFO: the http://mbd.baidu.com is not exist
05/19/2019 05:54:15 INFO: http://mbd.baidu.com SUCCESS
05/19/2019 05:54:15 INFO: the http://cybertran.baidu.com is not exist
05/19/2019 05:54:15 INFO: http://cybertran.baidu.com SUCCESS
05/19/2019 05:54:15 INFO: the http://hkdownload.baidu.com is not exist
05/19/2019 05:54:15 INFO: http://hkdownload.baidu.com SUCCESS
05/19/2019 05:54:16 INFO: the http://mhappsearch.gdown.baidu.com is not exist
05/19/2019 05:54:16 WARNING: http://mhappsearch.gdown.baidu.com ERROR 403
05/19/2019 05:54:16 INFO: the http://useractionsdkapi.baidu.com is not exist
05/19/2019 05:54:16 WARNING: http://useractionsdkapi.baidu.com ERROR 404
05/19/2019 05:54:16 INFO: the http://top.baidu.com is not exist
05/19/2019 05:54:16 INFO: http://top.baidu.com SUCCESS
05/19/2019 05:54:16 INFO: the http://ss0.baidu.com is not exist
05/19/2019 05:54:20 INFO: the http://yun.baidu.com is not exist
05/19/2019 05:54:20 INFO: http://yun.baidu.com SUCCESS
05/19/2019 05:54:20 INFO: the http://sclick.baidu.com is not exist
05/19/2019 05:54:20 INFO: the http://im.baidu.com is not exist
05/19/2019 05:54:21 INFO: http://im.baidu.com SUCCESS
05/19/2019 05:54:21 INFO: the http://gdown.baidu.com is not exist
05/19/2019 05:54:21 WARNING: http://gdown.baidu.com ERROR 403
05/19/2019 05:54:21 INFO: the http://sv.baidu.com is not exist
05/19/2019 05:54:22 INFO: http://sv.baidu.com SUCCESS
05/19/2019 05:54:22 INFO: the http://fanyi.baidu.com is not exist
05/19/2019 05:54:22 INFO: http://fanyi.baidu.com SUCCESS
05/19/2019 05:54:22 INFO: the http://znsv.baidu.com is not exist
05/19/2019 05:54:23 INFO: http://znsv.baidu.com SUCCESS
05/19/2019 05:54:23 INFO: the http://tanbi.baidu.com is not exist
05/19/2019 05:54:23 INFO: http://tanbi.baidu.com SUCCESS
05/19/2019 05:54:23 INFO: the http://v.hao123.baidu.com is not exist
05/19/2019 05:54:23 INFO: http://v.hao123.baidu.com SUCCESS
05/19/2019 05:54:23 INFO: the http://t10.baidu.com is not exist
05/19/2019 05:54:23 WARNING: http://t10.baidu.com ERROR 403
05/19/2019 05:54:23 INFO: the http://downapp.baidu.com is not exist
05/19/2019 05:54:24 WARNING: http://downapp.baidu.com ERROR 403
05/19/2019 05:54:24 INFO: the http://shahe.baidu.com is not exist
05/19/2019 05:54:24 INFO: http://shahe.baidu.com SUCCESS
05/19/2019 05:54:24 INFO: the http://passport.baidu.com is not exist
05/19/2019 05:54:24 INFO: http://passport.baidu.com SUCCESS
05/19/2019 05:54:24 INFO: the http://apis.baidu.com is not exist
05/19/2019 05:54:25 INFO: http://apis.baidu.com SUCCESS
05/19/2019 05:54:25 INFO: the http://appc.baidu.com is not exist
05/19/2019 05:54:25 INFO: http://appc.baidu.com SUCCESS
05/19/2019 05:54:25 INFO: the http://logs.baidu.com is not exist
05/19/2019 05:54:26 INFO: the http://qapm.baidu.com is not exist
05/19/2019 05:54:26 WARNING: http://qapm.baidu.com ERROR 403
05/19/2019 05:54:26 INFO: the http://appdown.baidu.com is not exist
05/19/2019 05:54:26 WARNING: http://appdown.baidu.com ERROR 403
05/19/2019 05:54:26 INFO: the http://cklbs.baidu.com is not exist
05/19/2019 05:54:26 INFO: the http://player.baidu.com is not exist
05/19/2019 05:54:27 INFO: http://player.baidu.com SUCCESS
05/19/2019 05:54:27 INFO: the http://help.baidu.com is not exist
05/19/2019 05:54:27 INFO: http://help.baidu.com SUCCESS
05/19/2019 05:54:27 INFO: the http://mtjsocket.baidu.com is not exist
05/19/2019 05:54:27 WARNING: http://mtjsocket.baidu.com ERROR 404
05/19/2019 05:54:27 INFO: the http://w.gdown.baidu.com is not exist
05/19/2019 05:54:28 WARNING: http://w.gdown.baidu.com ERROR 403
05/19/2019 05:54:28 INFO: the http://app.baidu.com is not exist
05/19/2019 05:54:28 INFO: http://app.baidu.com SUCCESS
05/19/2019 05:54:28 INFO: the http://open.baidu.com is not exist
05/19/2019 05:54:29 INFO: http://open.baidu.com SUCCESS
05/19/2019 05:54:29 INFO: the http://sp1.baidu.com is not exist
05/19/2019 05:54:29 INFO: http://sp1.baidu.com SUCCESS
05/19/2019 05:54:29 INFO: the http://pan.baidu.com is not exist
05/19/2019 05:54:30 INFO: http://pan.baidu.com SUCCESS
05/19/2019 05:54:30 INFO: the http://gss3.baidu.com is not exist
05/19/2019 05:54:30 WARNING: http://gss3.baidu.com ERROR 403
05/19/2019 05:54:30 INFO: the http://t12.baidu.com is not exist
05/19/2019 05:54:30 WARNING: http://t12.baidu.com ERROR 403
05/19/2019 05:54:30 INFO: the http://openapi.baidu.com is not exist
05/19/2019 05:54:30 INFO: http://openapi.baidu.com SUCCESS
05/19/2019 05:54:30 INFO: the http://update.baidu.com is not exist
05/19/2019 05:54:32 INFO: the http://antivirus.baidu.com is not exist
05/19/2019 05:54:34 INFO: the http://nsclick.baidu.com is not exist
05/19/2019 05:54:34 INFO: http://nsclick.baidu.com SUCCESS
05/19/2019 05:54:34 INFO: the http://sfhelp.baidu.com is not exist
05/19/2019 05:54:35 INFO: http://sfhelp.baidu.com SUCCESS
05/19/2019 05:54:35 INFO: the http://mbrowser.baidu.com is not exist
05/19/2019 05:54:36 INFO: http://mbrowser.baidu.com SUCCESS
05/19/2019 05:54:36 INFO: the http://cpro.baidu.com is not exist
05/19/2019 05:54:36 INFO: http://cpro.baidu.com SUCCESS
05/19/2019 05:54:36 INFO: the http://tieba.baidu.com is not exist
05/19/2019 05:54:37 INFO: http://tieba.baidu.com SUCCESS
05/19/2019 05:54:37 INFO: the http://apistore.baidu.com is not exist
05/19/2019 05:54:37 INFO: http://apistore.baidu.com SUCCESS
05/19/2019 05:54:37 INFO: the http://xshield.baidu.com is not exist
05/19/2019 05:54:37 INFO: http://xshield.baidu.com SUCCESS
05/19/2019 05:54:37 INFO: the http://browserkernel.baidu.com is not exist
05/19/2019 05:54:37 WARNING: http://browserkernel.baidu.com ERROR 403
05/19/2019 05:54:37 INFO: the http://mh.gdown.baidu.com is not exist
05/19/2019 05:54:38 WARNING: http://mh.gdown.baidu.com ERROR 403
05/19/2019 05:54:38 INFO: the http://hi.baidu.com is not exist
05/19/2019 05:54:38 INFO: http://hi.baidu.com SUCCESS
05/19/2019 05:54:38 INFO: the http://xiaodu.baidu.com is not exist
05/19/2019 05:54:38 INFO: http://xiaodu.baidu.com SUCCESS
05/19/2019 05:54:38 INFO: the http://yd.baidu.com is not exist
05/19/2019 05:54:39 INFO: http://yd.baidu.com SUCCESS
05/19/2019 05:54:39 INFO: the http://ng.baidu.com is not exist
05/19/2019 05:54:41 INFO: the http://suez.baidu.com is not exist
05/19/2019 05:54:41 INFO: http://suez.baidu.com SUCCESS
05/19/2019 05:54:41 INFO: the http://mobsec-pasta.baidu.com is not exist
05/19/2019 05:54:42 INFO: the http://androidapp.baidu.com is not exist
05/19/2019 05:54:43 WARNING: http://androidapp.baidu.com ERROR 500
05/19/2019 05:54:43 INFO: the http://cb.baidu.com is not exist
05/19/2019 05:54:43 INFO: http://cb.baidu.com SUCCESS
05/19/2019 05:54:43 INFO: the http://map.baidu.com is not exist
05/19/2019 05:54:43 INFO: http://map.baidu.com SUCCESS
05/19/2019 05:54:43 INFO: the http://imgsrc.baidu.com is not exist
05/19/2019 05:54:44 INFO: http://imgsrc.baidu.com SUCCESS
05/19/2019 05:54:44 INFO: the http://sjws-common.baidu.com is not exist
05/19/2019 05:54:44 WARNING: http://sjws-common.baidu.com ERROR 403
05/19/2019 05:54:44 INFO: the http://publish-pic-cpu.baidu.com is not exist
05/19/2019 05:54:44 WARNING: http://publish-pic-cpu.baidu.com ERROR 403
05/19/2019 05:54:44 INFO: the http://wappass.baidu.com is not exist
05/19/2019 05:54:45 INFO: http://wappass.baidu.com SUCCESS
05/19/2019 05:54:45 INFO: the http://feed.baidu.com is not exist
05/19/2019 05:54:45 INFO: http://feed.baidu.com SUCCESS
05/19/2019 05:54:45 INFO: the http://appwk.baidu.com is not exist
05/19/2019 05:54:45 INFO: http://appwk.baidu.com SUCCESS
05/19/2019 05:54:45 INFO: the http://f10.baidu.com is not exist
05/19/2019 05:54:45 WARNING: http://f10.baidu.com ERROR 403
05/19/2019 05:54:45 INFO: the http://kstj.baidu.com is not exist
05/19/2019 05:54:45 INFO: http://kstj.baidu.com SUCCESS
05/19/2019 05:54:45 INFO: the http://mobads.baidu.com is not exist
05/19/2019 05:54:46 INFO: http://mobads.baidu.com SUCCESS
05/19/2019 05:54:46 INFO: the http://ufosdk.baidu.com is not exist
05/19/2019 05:54:46 INFO: http://ufosdk.baidu.com SUCCESS
05/19/2019 05:54:46 INFO: the http://vs-andr-push.baidu.com is not exist
05/19/2019 05:54:48 INFO: the http://videopush.baidu.com is not exist
05/19/2019 05:54:50 INFO: the http://pos.baidu.com is not exist
05/19/2019 05:54:50 INFO: http://pos.baidu.com SUCCESS
05/19/2019 05:54:50 INFO: the http://zidao.baidu.com is not exist
05/19/2019 05:54:52 INFO: http://zidao.baidu.com SUCCESS
05/19/2019 05:54:52 INFO: the http://baijiahao.baidu.com is not exist
05/19/2019 05:54:52 INFO: http://baijiahao.baidu.com SUCCESS
05/19/2019 05:54:52 INFO: the http://duokoo.baidu.com is not exist
05/19/2019 05:54:53 INFO: http://duokoo.baidu.com SUCCESS
05/19/2019 05:54:53 INFO: the http://mobile.baidu.com is not exist
05/19/2019 05:54:54 INFO: http://mobile.baidu.com SUCCESS
05/19/2019 05:54:54 INFO: the http://lvyou.baidu.com is not exist
05/19/2019 05:54:55 INFO: the http://kspush.baidu.com is not exist
05/19/2019 05:54:55 WARNING: http://kspush.baidu.com ERROR 404
05/19/2019 05:54:55 INFO: the http://yingyan.baidu.com is not exist
05/19/2019 05:54:55 INFO: http://yingyan.baidu.com SUCCESS
05/19/2019 05:54:55 INFO: the http://pcsdata.baidu.com is not exist
05/19/2019 05:54:55 WARNING: http://pcsdata.baidu.com ERROR 403
05/19/2019 05:54:55 INFO: the http://hiphotos.baidu.com is not exist
05/19/2019 05:54:56 INFO: http://hiphotos.baidu.com SUCCESS
05/19/2019 05:54:56 INFO: the http://pay.baidu.com is not exist
05/19/2019 05:54:56 WARNING: http://pay.baidu.com ERROR 500
05/19/2019 05:54:56 INFO: the http://crab.baidu.com is not exist
05/19/2019 05:54:56 INFO: http://crab.baidu.com SUCCESS
05/19/2019 05:54:56 INFO: the http://xiu.baidu.com is not exist
05/19/2019 05:54:57 INFO: http://xiu.baidu.com SUCCESS
05/19/2019 05:54:57 INFO: the http://sjws-upgrade.baidu.com is not exist
05/19/2019 05:54:57 INFO: http://sjws-upgrade.baidu.com SUCCESS
05/19/2019 05:54:57 INFO: the http://hijack.baidu.com is not exist
05/19/2019 05:54:57 WARNING: http://hijack.baidu.com ERROR 404
05/19/2019 05:54:57 INFO: the http://techain.baidu.com is not exist
05/19/2019 05:54:57 INFO: http://techain.baidu.com SUCCESS
05/19/2019 05:57:46 INFO: the http://wapwenku.baidu.com is not exist
05/19/2019 05:57:47 INFO: http://wapwenku.baidu.com SUCCESS
05/19/2019 05:57:47 INFO: the http://csm.baidu.com is not exist
05/19/2019 05:57:47 INFO: the http://tag.baidu.com is not exist
05/19/2019 05:57:47 INFO: http://tag.baidu.com SUCCESS
05/19/2019 05:57:48 INFO: the http://or.baidu.com is not exist
05/19/2019 05:57:48 INFO: http://or.baidu.com SUCCESS
05/19/2019 05:57:48 INFO: the http://imsg.baidu.com is not exist
05/19/2019 05:57:48 INFO: http://imsg.baidu.com SUCCESS
05/19/2019 05:57:48 INFO: the http://jingyan.baidu.com is not exist
05/19/2019 05:57:49 INFO: http://jingyan.baidu.com SUCCESS
05/19/2019 05:57:49 INFO: the http://imgsa.baidu.com is not exist
05/19/2019 05:57:49 INFO: http://imgsa.baidu.com SUCCESS
05/19/2019 05:57:49 INFO: the http://libs.baidu.com is not exist
05/19/2019 05:57:50 WARNING: http://libs.baidu.com ERROR 403
05/19/2019 05:57:50 INFO: the http://mappsearch.gdown.baidu.com is not exist
05/19/2019 05:57:50 WARNING: http://mappsearch.gdown.baidu.com ERROR 403
05/19/2019 05:57:50 INFO: the http://hpd.baidu.com is not exist
05/19/2019 05:57:50 INFO: http://hpd.baidu.com SUCCESS
05/19/2019 05:57:50 INFO: the http://dxp.baidu.com is not exist
05/19/2019 05:57:50 WARNING: http://dxp.baidu.com ERROR 404
05/19/2019 05:57:50 INFO: the http://hm.baidu.com is not exist
05/19/2019 05:57:51 INFO: http://hm.baidu.com SUCCESS
05/19/2019 05:57:51 INFO: the http://zhidao.baidu.com is not exist
05/19/2019 05:57:53 INFO: http://zhidao.baidu.com SUCCESS
05/19/2019 05:57:53 INFO: the http://wenku.baidu.com is not exist
05/19/2019 05:57:54 INFO: http://wenku.baidu.com SUCCESS
05/19/2019 05:57:54 INFO: the http://sp0.baidu.com is not exist
05/19/2019 05:57:54 INFO: http://sp0.baidu.com SUCCESS
05/19/2019 05:57:54 INFO: the http://image.baidu.com is not exist
05/19/2019 05:57:55 INFO: http://image.baidu.com SUCCESS
05/19/2019 05:57:55 INFO: the http://mbd.baidu.com is not exist
05/19/2019 05:57:56 INFO: http://mbd.baidu.com SUCCESS
05/19/2019 05:57:56 INFO: the http://cybertran.baidu.com is not exist
05/19/2019 05:57:57 INFO: http://cybertran.baidu.com SUCCESS
05/19/2019 05:57:57 INFO: the http://hkdownload.baidu.com is not exist
05/19/2019 05:57:57 INFO: http://hkdownload.baidu.com SUCCESS
05/19/2019 05:57:57 INFO: the http://mhappsearch.gdown.baidu.com is not exist
05/19/2019 05:57:57 WARNING: http://mhappsearch.gdown.baidu.com ERROR 403
05/19/2019 05:57:57 INFO: the http://useractionsdkapi.baidu.com is not exist
05/19/2019 05:57:57 WARNING: http://useractionsdkapi.baidu.com ERROR 404
05/19/2019 05:57:57 INFO: the http://top.baidu.com is not exist
05/19/2019 05:57:58 INFO: http://top.baidu.com SUCCESS
05/19/2019 05:57:58 INFO: the http://ss0.baidu.com is not exist
05/19/2019 05:58:08 INFO: the http://yun.baidu.com is not exist
05/19/2019 05:58:09 INFO: http://yun.baidu.com SUCCESS
05/19/2019 05:58:09 INFO: the http://sclick.baidu.com is not exist
05/19/2019 05:58:09 INFO: the http://im.baidu.com is not exist
05/19/2019 05:58:09 INFO: http://im.baidu.com SUCCESS
05/19/2019 05:58:09 INFO: the http://gdown.baidu.com is not exist
05/19/2019 05:58:10 WARNING: http://gdown.baidu.com ERROR 403
05/19/2019 05:58:10 INFO: the http://sv.baidu.com is not exist
05/19/2019 05:58:10 INFO: http://sv.baidu.com SUCCESS
05/19/2019 05:58:10 INFO: the http://fanyi.baidu.com is not exist
05/19/2019 05:58:11 INFO: http://fanyi.baidu.com SUCCESS
05/19/2019 05:58:11 INFO: the http://znsv.baidu.com is not exist
05/19/2019 05:58:12 INFO: http://znsv.baidu.com SUCCESS
05/19/2019 05:58:12 INFO: the http://tanbi.baidu.com is not exist
05/19/2019 05:58:12 INFO: http://tanbi.baidu.com SUCCESS
05/19/2019 05:58:12 INFO: the http://v.hao123.baidu.com is not exist
05/19/2019 05:58:12 INFO: http://v.hao123.baidu.com SUCCESS
05/19/2019 05:58:13 INFO: the http://t10.baidu.com is not exist
05/19/2019 05:58:13 WARNING: http://t10.baidu.com ERROR 403
05/19/2019 05:58:13 INFO: the http://downapp.baidu.com is not exist
05/19/2019 05:58:13 WARNING: http://downapp.baidu.com ERROR 403
05/19/2019 05:58:13 INFO: the http://shahe.baidu.com is not exist
05/19/2019 05:58:13 INFO: http://shahe.baidu.com SUCCESS
05/19/2019 05:58:13 INFO: the http://passport.baidu.com is not exist
05/19/2019 05:58:13 INFO: http://passport.baidu.com SUCCESS
05/19/2019 05:58:14 INFO: the http://apis.baidu.com is not exist
05/19/2019 05:58:14 INFO: http://apis.baidu.com SUCCESS
05/19/2019 05:58:14 INFO: the http://appc.baidu.com is not exist
05/19/2019 05:58:14 INFO: http://appc.baidu.com SUCCESS
05/19/2019 05:58:14 INFO: the http://logs.baidu.com is not exist
05/19/2019 05:58:19 INFO: the http://qapm.baidu.com is not exist
05/19/2019 05:58:19 WARNING: http://qapm.baidu.com ERROR 403
05/19/2019 05:58:19 INFO: the http://appdown.baidu.com is not exist
05/19/2019 05:58:19 WARNING: http://appdown.baidu.com ERROR 403
05/19/2019 05:58:19 INFO: the http://cklbs.baidu.com is not exist
05/19/2019 05:58:20 INFO: the http://player.baidu.com is not exist
05/19/2019 05:58:20 INFO: http://player.baidu.com SUCCESS
05/19/2019 05:58:20 INFO: the http://help.baidu.com is not exist
05/19/2019 05:58:20 INFO: http://help.baidu.com SUCCESS
05/19/2019 05:58:20 INFO: the http://mtjsocket.baidu.com is not exist
05/19/2019 05:58:20 WARNING: http://mtjsocket.baidu.com ERROR 404
05/19/2019 05:58:21 INFO: the http://w.gdown.baidu.com is not exist
05/19/2019 05:58:21 WARNING: http://w.gdown.baidu.com ERROR 403
05/19/2019 05:58:21 INFO: the http://app.baidu.com is not exist
05/19/2019 05:58:21 INFO: the http://open.baidu.com is not exist
05/19/2019 05:58:22 INFO: http://open.baidu.com SUCCESS
05/19/2019 05:58:22 INFO: the http://sp1.baidu.com is not exist
05/19/2019 05:58:22 INFO: http://sp1.baidu.com SUCCESS
05/19/2019 05:58:22 INFO: the http://pan.baidu.com is not exist
05/19/2019 05:58:22 INFO: http://pan.baidu.com SUCCESS
05/19/2019 05:58:22 INFO: the http://gss3.baidu.com is not exist
05/19/2019 05:58:22 WARNING: http://gss3.baidu.com ERROR 403
05/19/2019 05:58:22 INFO: the http://t12.baidu.com is not exist
05/19/2019 05:58:23 WARNING: http://t12.baidu.com ERROR 403
05/19/2019 05:58:23 INFO: the http://openapi.baidu.com is not exist
05/19/2019 05:58:23 INFO: http://openapi.baidu.com SUCCESS
05/19/2019 05:58:23 INFO: the http://update.baidu.com is not exist
05/19/2019 05:58:48 INFO: the http://csm.baidu.com is not exist
05/19/2019 05:58:48 INFO: the http://libs.baidu.com is not exist
05/19/2019 05:58:49 WARNING: http://libs.baidu.com ERROR 403
05/19/2019 05:58:49 INFO: the http://mappsearch.gdown.baidu.com is not exist
05/19/2019 05:58:49 WARNING: http://mappsearch.gdown.baidu.com ERROR 403
05/19/2019 05:58:49 INFO: the http://dxp.baidu.com is not exist
05/19/2019 05:58:49 WARNING: http://dxp.baidu.com ERROR 404
05/19/2019 05:58:50 INFO: the http://mhappsearch.gdown.baidu.com is not exist
05/19/2019 05:58:50 WARNING: http://mhappsearch.gdown.baidu.com ERROR 403
05/19/2019 05:58:50 INFO: the http://useractionsdkapi.baidu.com is not exist
05/19/2019 05:58:50 WARNING: http://useractionsdkapi.baidu.com ERROR 404
05/19/2019 05:58:50 INFO: the http://ss0.baidu.com is not exist
05/19/2019 05:59:05 INFO: the http://sclick.baidu.com is not exist
05/19/2019 05:59:05 INFO: the http://gdown.baidu.com is not exist
05/19/2019 05:59:05 WARNING: http://gdown.baidu.com ERROR 403
05/19/2019 05:59:06 INFO: the http://t10.baidu.com is not exist
05/19/2019 05:59:06 WARNING: http://t10.baidu.com ERROR 403
05/19/2019 05:59:06 INFO: the http://downapp.baidu.com is not exist
05/19/2019 05:59:06 WARNING: http://downapp.baidu.com ERROR 403
05/19/2019 05:59:06 INFO: the http://logs.baidu.com is not exist
05/19/2019 05:59:11 INFO: the http://qapm.baidu.com is not exist
05/19/2019 05:59:11 WARNING: http://qapm.baidu.com ERROR 403
05/19/2019 05:59:11 INFO: the http://appdown.baidu.com is not exist
05/19/2019 05:59:11 WARNING: http://appdown.baidu.com ERROR 403
05/19/2019 05:59:11 INFO: the http://cklbs.baidu.com is not exist
05/19/2019 05:59:12 INFO: the http://mtjsocket.baidu.com is not exist
05/19/2019 05:59:12 WARNING: http://mtjsocket.baidu.com ERROR 404
05/19/2019 05:59:12 INFO: the http://w.gdown.baidu.com is not exist
05/19/2019 05:59:12 WARNING: http://w.gdown.baidu.com ERROR 403
05/19/2019 05:59:12 INFO: the http://app.baidu.com is not exist
05/19/2019 05:59:13 INFO: http://app.baidu.com SUCCESS
05/19/2019 05:59:13 INFO: the http://gss3.baidu.com is not exist
05/19/2019 05:59:13 WARNING: http://gss3.baidu.com ERROR 403
05/19/2019 05:59:13 INFO: the http://t12.baidu.com is not exist
05/19/2019 05:59:13 WARNING: http://t12.baidu.com ERROR 403
05/19/2019 05:59:13 INFO: the http://update.baidu.com is not exist
05/19/2019 05:59:23 INFO: the http://antivirus.baidu.com is not exist
05/19/2019 05:59:25 INFO: the http://nsclick.baidu.com is not exist
05/19/2019 05:59:25 INFO: http://nsclick.baidu.com SUCCESS
05/19/2019 05:59:25 INFO: the http://sfhelp.baidu.com is not exist
05/19/2019 05:59:26 INFO: http://sfhelp.baidu.com SUCCESS
05/19/2019 05:59:26 INFO: the http://mbrowser.baidu.com is not exist
05/19/2019 05:59:27 INFO: http://mbrowser.baidu.com SUCCESS
05/19/2019 05:59:27 INFO: the http://cpro.baidu.com is not exist
05/19/2019 05:59:27 INFO: http://cpro.baidu.com SUCCESS
05/19/2019 05:59:27 INFO: the http://tieba.baidu.com is not exist
05/19/2019 05:59:28 INFO: http://tieba.baidu.com SUCCESS
05/19/2019 05:59:28 INFO: the http://apistore.baidu.com is not exist
05/19/2019 05:59:28 INFO: http://apistore.baidu.com SUCCESS
05/19/2019 05:59:28 INFO: the http://xshield.baidu.com is not exist
05/19/2019 05:59:28 INFO: http://xshield.baidu.com SUCCESS
05/19/2019 05:59:28 INFO: the http://browserkernel.baidu.com is not exist
05/19/2019 05:59:28 WARNING: http://browserkernel.baidu.com ERROR 403
05/19/2019 05:59:28 INFO: the http://mh.gdown.baidu.com is not exist
05/19/2019 05:59:29 WARNING: http://mh.gdown.baidu.com ERROR 403
05/19/2019 05:59:29 INFO: the http://hi.baidu.com is not exist
05/19/2019 05:59:29 INFO: http://hi.baidu.com SUCCESS
05/19/2019 05:59:29 INFO: the http://xiaodu.baidu.com is not exist
05/19/2019 05:59:29 INFO: http://xiaodu.baidu.com SUCCESS
05/19/2019 05:59:29 INFO: the http://yd.baidu.com is not exist
05/19/2019 05:59:30 INFO: http://yd.baidu.com SUCCESS
05/19/2019 05:59:30 INFO: the http://ng.baidu.com is not exist
05/19/2019 05:59:40 INFO: the http://suez.baidu.com is not exist
05/19/2019 05:59:40 INFO: http://suez.baidu.com SUCCESS
05/19/2019 05:59:40 INFO: the http://mobsec-pasta.baidu.com is not exist
05/19/2019 05:59:40 INFO: the http://androidapp.baidu.com is not exist
05/19/2019 05:59:41 WARNING: http://androidapp.baidu.com ERROR 500
05/19/2019 05:59:41 INFO: the http://cb.baidu.com is not exist
05/19/2019 05:59:41 INFO: http://cb.baidu.com SUCCESS
05/19/2019 05:59:41 INFO: the http://map.baidu.com is not exist
05/19/2019 05:59:42 INFO: http://map.baidu.com SUCCESS
05/19/2019 05:59:42 INFO: the http://imgsrc.baidu.com is not exist
05/19/2019 05:59:42 INFO: http://imgsrc.baidu.com SUCCESS
05/19/2019 05:59:42 INFO: the http://sjws-common.baidu.com is not exist
05/19/2019 05:59:43 WARNING: http://sjws-common.baidu.com ERROR 403
05/19/2019 05:59:43 INFO: the http://publish-pic-cpu.baidu.com is not exist
05/19/2019 05:59:43 WARNING: http://publish-pic-cpu.baidu.com ERROR 403
05/19/2019 05:59:43 INFO: the http://wappass.baidu.com is not exist
05/19/2019 05:59:43 INFO: http://wappass.baidu.com SUCCESS
05/19/2019 05:59:43 INFO: the http://feed.baidu.com is not exist
05/19/2019 05:59:43 INFO: http://feed.baidu.com SUCCESS
05/19/2019 05:59:43 INFO: the http://appwk.baidu.com is not exist
05/19/2019 05:59:44 INFO: http://appwk.baidu.com SUCCESS
05/19/2019 05:59:44 INFO: the http://f10.baidu.com is not exist
05/19/2019 05:59:44 WARNING: http://f10.baidu.com ERROR 403
05/19/2019 05:59:44 INFO: the http://kstj.baidu.com is not exist
05/19/2019 05:59:44 INFO: http://kstj.baidu.com SUCCESS
05/19/2019 05:59:44 INFO: the http://mobads.baidu.com is not exist
05/19/2019 05:59:44 INFO: http://mobads.baidu.com SUCCESS
05/19/2019 05:59:44 INFO: the http://ufosdk.baidu.com is not exist
05/19/2019 05:59:44 INFO: http://ufosdk.baidu.com SUCCESS
05/19/2019 05:59:44 INFO: the http://vs-andr-push.baidu.com is not exist
05/19/2019 05:59:54 INFO: the http://videopush.baidu.com is not exist
05/19/2019 06:00:04 INFO: the http://pos.baidu.com is not exist
05/19/2019 06:00:05 INFO: http://pos.baidu.com SUCCESS
05/19/2019 06:00:05 INFO: the http://zidao.baidu.com is not exist
05/19/2019 06:00:06 INFO: http://zidao.baidu.com SUCCESS
05/19/2019 06:00:06 INFO: the http://baijiahao.baidu.com is not exist
05/19/2019 06:00:06 INFO: http://baijiahao.baidu.com SUCCESS
05/19/2019 06:00:06 INFO: the http://duokoo.baidu.com is not exist
05/19/2019 06:00:07 INFO: http://duokoo.baidu.com SUCCESS
05/19/2019 06:00:07 INFO: the http://mobile.baidu.com is not exist
05/19/2019 06:00:08 INFO: http://mobile.baidu.com SUCCESS
05/19/2019 06:00:08 INFO: the http://lvyou.baidu.com is not exist
05/19/2019 06:00:16 INFO: the http://kspush.baidu.com is not exist
05/19/2019 06:00:16 WARNING: http://kspush.baidu.com ERROR 404
05/19/2019 06:00:16 INFO: the http://yingyan.baidu.com is not exist
05/19/2019 06:00:17 INFO: http://yingyan.baidu.com SUCCESS
05/19/2019 06:00:17 INFO: the http://pcsdata.baidu.com is not exist
05/19/2019 06:00:18 WARNING: http://pcsdata.baidu.com ERROR 403
05/19/2019 06:00:18 INFO: the http://hiphotos.baidu.com is not exist
05/19/2019 06:00:18 INFO: http://hiphotos.baidu.com SUCCESS
05/19/2019 06:00:18 INFO: the http://pay.baidu.com is not exist
05/19/2019 06:00:18 WARNING: http://pay.baidu.com ERROR 500
05/19/2019 06:00:18 INFO: the http://crab.baidu.com is not exist
05/19/2019 06:00:18 INFO: http://crab.baidu.com SUCCESS
05/19/2019 06:00:18 INFO: the http://xiu.baidu.com is not exist
05/19/2019 06:00:19 INFO: http://xiu.baidu.com SUCCESS
05/19/2019 06:00:19 INFO: the http://sjws-upgrade.baidu.com is not exist
05/19/2019 06:00:19 INFO: http://sjws-upgrade.baidu.com SUCCESS
05/19/2019 06:00:19 INFO: the http://hijack.baidu.com is not exist
05/19/2019 06:00:19 WARNING: http://hijack.baidu.com ERROR 404
05/19/2019 06:06:12 INFO: the http://developer.baidu.com is not exist
05/19/2019 06:06:13 INFO: http://developer.baidu.com SUCCESS
05/19/2019 06:06:13 INFO: the http://csm.baidu.com is not exist
05/19/2019 06:06:14 INFO: the http://libs.baidu.com is not exist
05/19/2019 06:06:14 WARNING: http://libs.baidu.com ERROR 403
05/19/2019 06:06:14 INFO: the http://mappsearch.gdown.baidu.com is not exist
05/19/2019 06:06:14 WARNING: http://mappsearch.gdown.baidu.com ERROR 403
05/19/2019 06:06:14 INFO: the http://dxp.baidu.com is not exist
05/19/2019 06:06:14 WARNING: http://dxp.baidu.com ERROR 404
05/19/2019 06:06:15 INFO: the http://mhappsearch.gdown.baidu.com is not exist
05/19/2019 06:06:15 WARNING: http://mhappsearch.gdown.baidu.com ERROR 403
05/19/2019 06:06:15 INFO: the http://useractionsdkapi.baidu.com is not exist
05/19/2019 06:06:15 WARNING: http://useractionsdkapi.baidu.com ERROR 404
05/19/2019 06:06:47 INFO: the http://csm.baidu.com is not exist
05/19/2019 06:06:48 INFO: the http://libs.baidu.com is not exist
05/19/2019 06:06:48 WARNING: http://libs.baidu.com ERROR 403
05/19/2019 06:06:48 INFO: the http://mappsearch.gdown.baidu.com is not exist
05/19/2019 06:06:49 WARNING: http://mappsearch.gdown.baidu.com ERROR 403
05/19/2019 06:06:49 INFO: the http://dxp.baidu.com is not exist
05/19/2019 06:06:49 WARNING: http://dxp.baidu.com ERROR 404
05/19/2019 06:06:49 INFO: the http://mhappsearch.gdown.baidu.com is not exist
05/19/2019 06:06:49 WARNING: http://mhappsearch.gdown.baidu.com ERROR 403
05/19/2019 06:06:49 INFO: the http://useractionsdkapi.baidu.com is not exist
05/19/2019 06:06:49 WARNING: http://useractionsdkapi.baidu.com ERROR 404
05/19/2019 06:06:49 INFO: the http://ss0.baidu.com is not exist
05/19/2019 06:07:04 INFO: the http://sclick.baidu.com is not exist
05/19/2019 06:07:05 INFO: the http://gdown.baidu.com is not exist
05/19/2019 06:07:05 WARNING: http://gdown.baidu.com ERROR 403
05/19/2019 06:07:05 INFO: the http://t10.baidu.com is not exist
05/19/2019 06:07:05 WARNING: http://t10.baidu.com ERROR 403
05/19/2019 06:07:05 INFO: the http://downapp.baidu.com is not exist
05/19/2019 06:07:05 WARNING: http://downapp.baidu.com ERROR 403
05/19/2019 06:07:06 INFO: the http://logs.baidu.com is not exist
05/19/2019 06:07:11 INFO: the http://qapm.baidu.com is not exist
05/19/2019 06:07:11 WARNING: http://qapm.baidu.com ERROR 403
05/19/2019 06:07:11 INFO: the http://appdown.baidu.com is not exist
05/19/2019 06:07:11 WARNING: http://appdown.baidu.com ERROR 403
05/19/2019 06:07:11 INFO: the http://cklbs.baidu.com is not exist
05/19/2019 06:07:11 INFO: the http://mtjsocket.baidu.com is not exist
05/19/2019 06:07:11 WARNING: http://mtjsocket.baidu.com ERROR 404
05/19/2019 06:07:12 INFO: the http://w.gdown.baidu.com is not exist
05/19/2019 06:07:12 WARNING: http://w.gdown.baidu.com ERROR 403
05/19/2019 06:07:12 INFO: the http://gss3.baidu.com is not exist
05/19/2019 06:07:12 WARNING: http://gss3.baidu.com ERROR 403
05/19/2019 06:07:12 INFO: the http://t12.baidu.com is not exist
05/19/2019 06:07:12 WARNING: http://t12.baidu.com ERROR 403
05/19/2019 06:07:12 INFO: the http://update.baidu.com is not exist
05/19/2019 06:07:22 INFO: the http://antivirus.baidu.com is not exist
05/19/2019 06:07:23 INFO: the http://browserkernel.baidu.com is not exist
05/19/2019 06:07:23 WARNING: http://browserkernel.baidu.com ERROR 403
05/19/2019 06:07:23 INFO: the http://mh.gdown.baidu.com is not exist
05/19/2019 06:07:23 WARNING: http://mh.gdown.baidu.com ERROR 403
05/19/2019 06:07:24 INFO: the http://ng.baidu.com is not exist
05/19/2019 06:08:50 INFO: the http://ss3.baidu.com is not exist
05/19/2019 06:09:00 INFO: the http://q2.baidu.com is not exist
05/19/2019 06:09:00 WARNING: http://q2.baidu.com ERROR 403
05/19/2019 06:11:05 INFO: the http://wangdan.baidu.com is not exist
05/19/2019 06:11:05 WARNING: http://wangdan.baidu.com ERROR 404
05/19/2019 06:11:35 INFO: the http://ss3.baidu.com is not exist
05/19/2019 06:11:53 INFO: the http://q2.baidu.com is not exist
05/19/2019 06:11:54 WARNING: http://q2.baidu.com ERROR 403
05/19/2019 06:20:31 INFO: the http://wapiknow.baidu.com is not exist
05/19/2019 06:20:31 INFO: http://wapiknow.baidu.com SUCCESS
05/19/2019 06:20:31 INFO: the http://hijack.baidu.com is not exist
05/19/2019 06:20:31 WARNING: http://hijack.baidu.com ERROR 404
05/19/2019 06:20:31 INFO: the http://appsearchcdnpcs.baidu.com is not exist
05/19/2019 06:20:31 WARNING: http://appsearchcdnpcs.baidu.com ERROR 403
05/19/2019 06:20:31 INFO: the http://openrcv.baidu.com is not exist
05/19/2019 06:20:32 WARNING: http://openrcv.baidu.com ERROR 500
05/19/2019 06:20:32 INFO: the http://wangdan.baidu.com is not exist
05/19/2019 06:20:32 WARNING: http://wangdan.baidu.com ERROR 404
05/19/2019 06:20:32 INFO: the http://ss3.baidu.com is not exist
05/19/2019 06:20:47 INFO: the http://q2.baidu.com is not exist
05/19/2019 06:20:47 WARNING: http://q2.baidu.com ERROR 403
05/19/2019 06:20:47 INFO: the http://csm.baidu.com is not exist
05/19/2019 06:20:48 INFO: the http://libs.baidu.com is not exist
05/19/2019 06:20:48 WARNING: http://libs.baidu.com ERROR 403
05/19/2019 06:20:48 INFO: the http://mappsearch.gdown.baidu.com is not exist
05/19/2019 06:20:48 WARNING: http://mappsearch.gdown.baidu.com ERROR 403
05/19/2019 06:20:48 INFO: the http://dxp.baidu.com is not exist
05/19/2019 06:20:49 WARNING: http://dxp.baidu.com ERROR 404
05/19/2019 06:20:49 INFO: the http://mhappsearch.gdown.baidu.com is not exist
05/19/2019 06:20:49 WARNING: http://mhappsearch.gdown.baidu.com ERROR 403
05/19/2019 06:20:49 INFO: the http://useractionsdkapi.baidu.com is not exist
05/19/2019 06:20:50 WARNING: http://useractionsdkapi.baidu.com ERROR 404
05/19/2019 06:20:50 INFO: the http://ss0.baidu.com is not exist
05/19/2019 06:21:05 INFO: the http://sclick.baidu.com is not exist
05/19/2019 06:21:05 INFO: the http://gdown.baidu.com is not exist
05/19/2019 06:21:06 WARNING: http://gdown.baidu.com ERROR 403
05/19/2019 06:21:06 INFO: the http://t10.baidu.com is not exist
05/19/2019 06:21:06 WARNING: http://t10.baidu.com ERROR 403
05/19/2019 06:21:06 INFO: the http://downapp.baidu.com is not exist
05/19/2019 06:21:06 WARNING: http://downapp.baidu.com ERROR 403
05/19/2019 06:21:07 INFO: the http://logs.baidu.com is not exist
05/19/2019 06:21:12 INFO: the http://qapm.baidu.com is not exist
05/19/2019 06:21:12 WARNING: http://qapm.baidu.com ERROR 403
05/19/2019 06:21:12 INFO: the http://appdown.baidu.com is not exist
05/19/2019 06:21:12 WARNING: http://appdown.baidu.com ERROR 403
05/19/2019 06:21:12 INFO: the http://cklbs.baidu.com is not exist
05/19/2019 06:21:13 INFO: the http://mtjsocket.baidu.com is not exist
05/19/2019 06:21:13 WARNING: http://mtjsocket.baidu.com ERROR 404
05/19/2019 06:21:13 INFO: the http://w.gdown.baidu.com is not exist
05/19/2019 06:21:13 WARNING: http://w.gdown.baidu.com ERROR 403
05/19/2019 06:21:13 INFO: the http://gss3.baidu.com is not exist
05/19/2019 06:21:13 WARNING: http://gss3.baidu.com ERROR 403
05/19/2019 06:21:13 INFO: the http://t12.baidu.com is not exist
05/19/2019 06:21:14 WARNING: http://t12.baidu.com ERROR 403
05/19/2019 06:21:14 INFO: the http://update.baidu.com is not exist
05/19/2019 06:21:24 INFO: the http://antivirus.baidu.com is not exist
05/19/2019 06:21:29 INFO: the http://browserkernel.baidu.com is not exist
05/19/2019 06:21:29 WARNING: http://browserkernel.baidu.com ERROR 403
05/19/2019 06:21:29 INFO: the http://mh.gdown.baidu.com is not exist
05/19/2019 06:21:29 WARNING: http://mh.gdown.baidu.com ERROR 403
05/19/2019 06:21:29 INFO: the http://ng.baidu.com is not exist
05/19/2019 06:21:39 INFO: the http://mobsec-pasta.baidu.com is not exist
05/19/2019 06:21:40 INFO: the http://androidapp.baidu.com is not exist
05/19/2019 06:21:43 WARNING: http://androidapp.baidu.com ERROR 500
05/19/2019 06:21:44 INFO: the http://sjws-common.baidu.com is not exist
05/19/2019 06:21:44 WARNING: http://sjws-common.baidu.com ERROR 403
05/19/2019 06:21:44 INFO: the http://publish-pic-cpu.baidu.com is not exist
05/19/2019 06:21:44 WARNING: http://publish-pic-cpu.baidu.com ERROR 403
05/19/2019 06:21:44 INFO: the http://f10.baidu.com is not exist
05/19/2019 06:21:44 WARNING: http://f10.baidu.com ERROR 403
05/19/2019 06:21:44 INFO: the http://vs-andr-push.baidu.com is not exist
05/19/2019 06:21:55 INFO: the http://videopush.baidu.com is not exist
05/19/2019 06:22:05 INFO: the http://lvyou.baidu.com is not exist
05/19/2019 06:22:11 INFO: the http://kspush.baidu.com is not exist
05/19/2019 06:22:11 WARNING: http://kspush.baidu.com ERROR 404
05/19/2019 06:48:03 INFO: the http://youxi.baidu.com is not exist
05/19/2019 06:48:03 INFO: http://youxi.baidu.com SUCCESS
05/19/2019 06:48:03 INFO: the http://zhifu.baidu.com is not exist
05/19/2019 06:48:04 INFO: http://zhifu.baidu.com SUCCESS
05/19/2019 06:48:04 INFO: the http://downapp.baidu.com is not exist
05/19/2019 06:48:04 WARNING: http://downapp.baidu.com ERROR 403
05/19/2019 06:48:04 INFO: the http://mp3.baidu.com is not exist
05/19/2019 06:48:05 INFO: http://mp3.baidu.com SUCCESS
05/19/2019 06:48:05 INFO: the http://fc1tn.baidu.com is not exist
05/19/2019 06:48:05 WARNING: http://fc1tn.baidu.com ERROR 403
05/19/2019 06:48:05 INFO: the http://openrcv.baidu.com is not exist
05/19/2019 06:48:05 WARNING: http://openrcv.baidu.com ERROR 500
05/19/2019 06:48:05 INFO: the http://httpsdns.baidu.com is not exist
05/19/2019 06:48:05 WARNING: http://httpsdns.baidu.com ERROR 400
05/19/2019 06:48:05 INFO: the http://hijack.baidu.com is not exist
05/19/2019 06:48:05 WARNING: http://hijack.baidu.com ERROR 404
05/19/2019 06:48:05 INFO: the http://appsearchcdnpcs.baidu.com is not exist
05/19/2019 06:48:06 WARNING: http://appsearchcdnpcs.baidu.com ERROR 403
05/19/2019 06:48:06 INFO: the http://wangdan.baidu.com is not exist
05/19/2019 06:48:06 WARNING: http://wangdan.baidu.com ERROR 404
05/19/2019 06:48:06 INFO: the http://ss3.baidu.com is not exist
05/19/2019 06:48:21 INFO: the http://q2.baidu.com is not exist
05/19/2019 06:48:21 WARNING: http://q2.baidu.com ERROR 403
05/19/2019 06:48:21 INFO: the http://csm.baidu.com is not exist
05/19/2019 06:48:22 INFO: the http://libs.baidu.com is not exist
05/19/2019 06:48:22 WARNING: http://libs.baidu.com ERROR 403
05/19/2019 06:48:22 INFO: the http://mappsearch.gdown.baidu.com is not exist
05/19/2019 06:48:23 WARNING: http://mappsearch.gdown.baidu.com ERROR 403
05/19/2019 06:48:23 INFO: the http://dxp.baidu.com is not exist
05/19/2019 06:48:23 WARNING: http://dxp.baidu.com ERROR 404
05/19/2019 06:48:24 INFO: the http://mhappsearch.gdown.baidu.com is not exist
05/19/2019 06:48:24 WARNING: http://mhappsearch.gdown.baidu.com ERROR 403
05/19/2019 06:48:24 INFO: the http://useractionsdkapi.baidu.com is not exist
05/19/2019 06:48:24 WARNING: http://useractionsdkapi.baidu.com ERROR 404
05/19/2019 06:48:24 INFO: the http://ss0.baidu.com is not exist
05/19/2019 06:48:39 INFO: the http://sclick.baidu.com is not exist
05/19/2019 06:48:39 INFO: the http://gdown.baidu.com is not exist
05/19/2019 06:48:40 WARNING: http://gdown.baidu.com ERROR 403
05/19/2019 06:48:40 INFO: the http://t10.baidu.com is not exist
05/19/2019 06:48:40 WARNING: http://t10.baidu.com ERROR 403
05/19/2019 06:48:40 INFO: the http://logs.baidu.com is not exist
05/19/2019 06:48:45 INFO: the http://qapm.baidu.com is not exist
05/19/2019 06:48:46 WARNING: http://qapm.baidu.com ERROR 403
05/19/2019 06:48:46 INFO: the http://appdown.baidu.com is not exist
05/19/2019 06:48:46 WARNING: http://appdown.baidu.com ERROR 403
05/19/2019 06:48:46 INFO: the http://cklbs.baidu.com is not exist
05/19/2019 06:48:46 INFO: the http://mtjsocket.baidu.com is not exist
05/19/2019 06:48:46 WARNING: http://mtjsocket.baidu.com ERROR 404
05/19/2019 06:48:47 INFO: the http://w.gdown.baidu.com is not exist
05/19/2019 06:48:47 WARNING: http://w.gdown.baidu.com ERROR 403
05/19/2019 06:48:47 INFO: the http://gss3.baidu.com is not exist
05/19/2019 06:48:47 WARNING: http://gss3.baidu.com ERROR 403
05/19/2019 06:48:47 INFO: the http://t12.baidu.com is not exist
05/19/2019 06:48:47 WARNING: http://t12.baidu.com ERROR 403
05/19/2019 06:48:47 INFO: the http://update.baidu.com is not exist
05/19/2019 06:48:58 INFO: the http://antivirus.baidu.com is not exist
05/19/2019 06:49:00 INFO: the http://browserkernel.baidu.com is not exist
05/19/2019 06:49:00 WARNING: http://browserkernel.baidu.com ERROR 403
05/19/2019 06:49:00 INFO: the http://mh.gdown.baidu.com is not exist
05/19/2019 06:49:00 WARNING: http://mh.gdown.baidu.com ERROR 403
05/19/2019 06:49:00 INFO: the http://ng.baidu.com is not exist
05/19/2019 06:49:10 INFO: the http://mobsec-pasta.baidu.com is not exist
05/19/2019 06:49:11 INFO: the http://androidapp.baidu.com is not exist
05/19/2019 06:49:12 WARNING: http://androidapp.baidu.com ERROR 500
05/19/2019 06:49:12 INFO: the http://sjws-common.baidu.com is not exist
05/19/2019 06:49:12 INFO: http://sjws-common.baidu.com SUCCESS
05/19/2019 06:49:12 INFO: the http://publish-pic-cpu.baidu.com is not exist
05/19/2019 06:49:12 WARNING: http://publish-pic-cpu.baidu.com ERROR 403
05/19/2019 06:49:12 INFO: the http://f10.baidu.com is not exist
05/19/2019 06:49:12 WARNING: http://f10.baidu.com ERROR 403
05/19/2019 06:49:13 INFO: the http://vs-andr-push.baidu.com is not exist
05/19/2019 06:49:23 INFO: the http://videopush.baidu.com is not exist
05/19/2019 07:02:20 INFO: the http://www.baidu.com is not exist
05/19/2019 07:02:21 INFO: http://www.baidu.com SUCCESS
05/19/2019 07:02:21 INFO: the http://downapp.baidu.com is not exist
05/19/2019 07:02:21 WARNING: http://downapp.baidu.com ERROR 403
05/19/2019 07:02:21 INFO: the http://fc1tn.baidu.com is not exist
05/19/2019 07:02:22 WARNING: http://fc1tn.baidu.com ERROR 403
05/19/2019 07:02:22 INFO: the http://openrcv.baidu.com is not exist
05/19/2019 07:02:22 WARNING: http://openrcv.baidu.com ERROR 500
05/19/2019 07:02:22 INFO: the http://httpsdns.baidu.com is not exist
05/19/2019 07:02:22 WARNING: http://httpsdns.baidu.com ERROR 400
05/19/2019 07:02:22 INFO: the http://hijack.baidu.com is not exist
05/19/2019 07:02:22 WARNING: http://hijack.baidu.com ERROR 404
05/19/2019 07:02:22 INFO: the http://appsearchcdnpcs.baidu.com is not exist
05/19/2019 07:02:22 WARNING: http://appsearchcdnpcs.baidu.com ERROR 403
05/19/2019 07:02:22 INFO: the http://wangdan.baidu.com is not exist
05/19/2019 07:02:23 WARNING: http://wangdan.baidu.com ERROR 404
05/19/2019 07:02:23 INFO: the http://ss3.baidu.com is not exist
05/19/2019 07:02:38 INFO: the http://q2.baidu.com is not exist
05/19/2019 07:02:38 WARNING: http://q2.baidu.com ERROR 403
05/19/2019 07:02:38 INFO: the http://csm.baidu.com is not exist
05/19/2019 07:02:39 INFO: the http://libs.baidu.com is not exist
05/19/2019 07:02:39 WARNING: http://libs.baidu.com ERROR 403
05/19/2019 07:02:39 INFO: the http://mappsearch.gdown.baidu.com is not exist
05/19/2019 07:02:39 WARNING: http://mappsearch.gdown.baidu.com ERROR 403
05/19/2019 07:02:39 INFO: the http://dxp.baidu.com is not exist
05/19/2019 07:02:39 WARNING: http://dxp.baidu.com ERROR 404
05/19/2019 07:02:40 INFO: the http://mhappsearch.gdown.baidu.com is not exist
05/19/2019 07:02:40 WARNING: http://mhappsearch.gdown.baidu.com ERROR 403
05/19/2019 07:02:40 INFO: the http://useractionsdkapi.baidu.com is not exist
05/19/2019 07:02:41 WARNING: http://useractionsdkapi.baidu.com ERROR 404
05/19/2019 07:02:41 INFO: the http://ss0.baidu.com is not exist
05/19/2019 07:02:56 INFO: the http://sclick.baidu.com is not exist
05/19/2019 07:02:57 INFO: the http://gdown.baidu.com is not exist
05/19/2019 07:02:57 WARNING: http://gdown.baidu.com ERROR 403
05/19/2019 07:02:57 INFO: the http://t10.baidu.com is not exist
05/19/2019 07:02:57 WARNING: http://t10.baidu.com ERROR 403
05/19/2019 07:02:58 INFO: the http://logs.baidu.com is not exist
05/19/2019 07:03:03 INFO: the http://qapm.baidu.com is not exist
05/19/2019 07:03:03 WARNING: http://qapm.baidu.com ERROR 403
05/19/2019 07:03:03 INFO: the http://appdown.baidu.com is not exist
05/19/2019 07:03:03 WARNING: http://appdown.baidu.com ERROR 403
05/19/2019 07:03:03 INFO: the http://cklbs.baidu.com is not exist
05/19/2019 07:03:04 INFO: the http://mtjsocket.baidu.com is not exist
05/19/2019 07:03:04 WARNING: http://mtjsocket.baidu.com ERROR 404
05/19/2019 07:03:04 INFO: the http://w.gdown.baidu.com is not exist
05/19/2019 07:03:04 WARNING: http://w.gdown.baidu.com ERROR 403
05/19/2019 07:03:04 INFO: the http://gss3.baidu.com is not exist
05/19/2019 07:03:05 WARNING: http://gss3.baidu.com ERROR 403
05/19/2019 07:03:05 INFO: the http://t12.baidu.com is not exist
05/19/2019 07:03:05 WARNING: http://t12.baidu.com ERROR 403
05/19/2019 07:03:05 INFO: the http://update.baidu.com is not exist
05/19/2019 07:03:15 INFO: the http://antivirus.baidu.com is not exist
05/19/2019 07:03:19 INFO: the http://browserkernel.baidu.com is not exist
05/19/2019 07:03:19 WARNING: http://browserkernel.baidu.com ERROR 403
05/19/2019 07:03:19 INFO: the http://mh.gdown.baidu.com is not exist
05/19/2019 07:03:19 WARNING: http://mh.gdown.baidu.com ERROR 403
05/19/2019 07:03:19 INFO: the http://ng.baidu.com is not exist
05/19/2019 07:03:30 INFO: the http://mobsec-pasta.baidu.com is not exist
05/19/2019 07:03:30 INFO: the http://androidapp.baidu.com is not exist
05/19/2019 07:03:31 WARNING: http://androidapp.baidu.com ERROR 500
05/19/2019 07:03:31 INFO: the http://publish-pic-cpu.baidu.com is not exist
05/19/2019 07:03:32 WARNING: http://publish-pic-cpu.baidu.com ERROR 403
05/19/2019 07:03:32 INFO: the http://f10.baidu.com is not exist
05/19/2019 07:03:32 WARNING: http://f10.baidu.com ERROR 403
05/19/2019 07:03:33 INFO: the http://vs-andr-push.baidu.com is not exist
05/19/2019 07:03:43 INFO: the http://videopush.baidu.com is not exist
05/19/2019 07:03:55 INFO: the http://app-power-statistics-ms.juejin.im is not exist
05/19/2019 07:03:55 WARNING: http://app-power-statistics-ms.juejin.im ERROR 403
05/19/2019 07:03:55 INFO: the http://suid-generator-ms.juejin.im is not exist
05/19/2019 07:03:56 INFO: http://suid-generator-ms.juejin.im SUCCESS
05/19/2019 07:03:56 INFO: the http://app-version-ctl-api-ms.juejin.im is not exist
05/19/2019 07:03:56 INFO: http://app-version-ctl-api-ms.juejin.im SUCCESS
05/19/2019 07:03:56 INFO: the http://ms.juejin.im is not exist
05/19/2019 07:03:56 WARNING: http://ms.juejin.im ERROR 403
05/19/2019 07:03:56 INFO: the http://ast-api.juejin.im is not exist
05/19/2019 07:03:56 WARNING: http://ast-api.juejin.im ERROR 403
05/19/2019 07:03:56 INFO: the http://switch-center-ms.juejin.im is not exist
05/19/2019 07:03:56 WARNING: http://switch-center-ms.juejin.im ERROR 403
05/19/2019 07:03:56 INFO: the http://xiaoce-timeline-api-ms.juejin.im is not exist
05/19/2019 07:03:57 WARNING: http://xiaoce-timeline-api-ms.juejin.im ERROR 403
05/19/2019 07:03:57 INFO: the http://bd.juejin.im is not exist
05/19/2019 07:03:57 INFO: http://bd.juejin.im SUCCESS
05/19/2019 07:03:57 INFO: the http://backend-ppcnh4szjw2.juejin.im is not exist
05/19/2019 07:03:57 WARNING: http://backend-ppcnh4szjw2.juejin.im ERROR 403
05/19/2019 07:03:57 INFO: the http://xiaoce-discount-storage-api-ms.juejin.im is not exist
05/19/2019 07:03:58 WARNING: http://xiaoce-discount-storage-api-ms.juejin.im ERROR 403
05/19/2019 07:03:58 INFO: the http://extension-ms.juejin.im is not exist
05/19/2019 07:03:58 INFO: http://extension-ms.juejin.im SUCCESS
05/19/2019 07:03:58 INFO: the http://parser.juejin.im is not exist
05/19/2019 07:03:58 INFO: http://parser.juejin.im SUCCESS
05/19/2019 07:03:58 INFO: the http://tensorflow.juejin.im is not exist
05/19/2019 07:04:00 INFO: http://tensorflow.juejin.im SUCCESS
05/19/2019 07:04:00 INFO: the http://common-statistics-api-ms.juejin.im is not exist
05/19/2019 07:04:00 INFO: http://common-statistics-api-ms.juejin.im SUCCESS
05/19/2019 07:04:00 INFO: the http://link.juejin.im is not exist
05/19/2019 07:04:01 WARNING: http://link.juejin.im ERROR 403
05/19/2019 07:04:01 INFO: the http://tag-subscribe-guide-ms.juejin.im is not exist
05/19/2019 07:04:01 WARNING: http://tag-subscribe-guide-ms.juejin.im ERROR 403
05/19/2019 07:04:01 INFO: the http://landing.juejin.im is not exist
05/19/2019 07:04:01 INFO: http://landing.juejin.im SUCCESS
05/19/2019 07:04:01 INFO: the http://www.juejin.im is not exist
05/19/2019 07:04:03 INFO: http://www.juejin.im SUCCESS
05/19/2019 07:04:03 INFO: the http://backend-q5y1jnyv2c1.juejin.im is not exist
05/19/2019 07:04:03 WARNING: http://backend-q5y1jnyv2c1.juejin.im ERROR 403
05/19/2019 07:04:03 INFO: the http://hot-topic-comment-wrapper-ms.juejin.im is not exist
05/19/2019 07:04:03 WARNING: http://hot-topic-comment-wrapper-ms.juejin.im ERROR 404
05/19/2019 07:04:03 INFO: the http://banner-storage-ms.juejin.im is not exist
05/19/2019 07:04:04 WARNING: http://banner-storage-ms.juejin.im ERROR 403
05/19/2019 07:04:04 INFO: the http://xiaoce-cache-api-ms.juejin.im is not exist
05/19/2019 07:04:04 WARNING: http://xiaoce-cache-api-ms.juejin.im ERROR 403
05/19/2019 07:04:04 INFO: the http://xiaoce-comment-wrapper-ms.juejin.im is not exist
05/19/2019 07:04:04 WARNING: http://xiaoce-comment-wrapper-ms.juejin.im ERROR 404
05/19/2019 07:04:04 INFO: the http://repo-ms.juejin.im is not exist
05/19/2019 07:04:04 WARNING: http://repo-ms.juejin.im ERROR 404
05/19/2019 07:04:04 INFO: the http://pin-guide-ms.juejin.im is not exist
05/19/2019 07:04:04 WARNING: http://pin-guide-ms.juejin.im ERROR 403
05/19/2019 07:04:05 INFO: the http://short-msg-ms.juejin.im is not exist
05/19/2019 07:04:05 WARNING: http://short-msg-ms.juejin.im ERROR 404
05/19/2019 07:04:05 INFO: the http://badge.juejin.im is not exist
05/19/2019 07:04:05 WARNING: http://badge.juejin.im ERROR 404
05/19/2019 07:04:05 INFO: the http://android-api.juejin.im is not exist
05/19/2019 07:04:05 INFO: http://android-api.juejin.im SUCCESS
05/19/2019 07:04:05 INFO: the http://frontend-lawjzvseqf1.juejin.im is not exist
05/19/2019 07:04:05 WARNING: http://frontend-lawjzvseqf1.juejin.im ERROR 503
05/19/2019 07:04:05 INFO: the http://frontend-6lhdwmzsop2.juejin.im is not exist
05/19/2019 07:04:06 WARNING: http://frontend-6lhdwmzsop2.juejin.im ERROR 503
05/19/2019 07:04:06 INFO: the http://captcha-api.juejin.im is not exist
05/19/2019 07:04:06 WARNING: http://captcha-api.juejin.im ERROR 403
05/19/2019 07:04:06 INFO: the http://cdn-ms.juejin.im is not exist
05/19/2019 07:04:06 WARNING: http://cdn-ms.juejin.im ERROR 404
05/19/2019 07:04:06 INFO: the http://collection-set-ms.juejin.im is not exist
05/19/2019 07:04:06 WARNING: http://collection-set-ms.juejin.im ERROR 404
05/19/2019 07:04:06 INFO: the http://follow-api-ms.juejin.im is not exist
05/19/2019 07:04:06 WARNING: http://follow-api-ms.juejin.im ERROR 403
05/19/2019 07:04:07 INFO: the http://gold-tag-ms.juejin.im is not exist
05/19/2019 07:04:07 WARNING: http://gold-tag-ms.juejin.im ERROR 404
05/19/2019 07:04:07 INFO: the http://my-wallet-api-ms.juejin.im is not exist
05/19/2019 07:04:07 WARNING: http://my-wallet-api-ms.juejin.im ERROR 403
05/19/2019 07:04:07 INFO: the http://post-storage-api-ms.juejin.im is not exist
05/19/2019 07:04:07 WARNING: http://post-storage-api-ms.juejin.im ERROR 403
05/19/2019 07:04:07 INFO: the http://suggest-follow-api-ms.juejin.im is not exist
05/19/2019 07:04:07 WARNING: http://suggest-follow-api-ms.juejin.im ERROR 403
05/19/2019 07:04:07 INFO: the http://timeline-merger-ms.juejin.im is not exist
05/19/2019 07:04:08 WARNING: http://timeline-merger-ms.juejin.im ERROR 403
05/19/2019 07:04:08 INFO: the http://timeline-promotion-api.juejin.im is not exist
05/19/2019 07:04:08 WARNING: http://timeline-promotion-api.juejin.im ERROR 403
05/19/2019 07:04:08 INFO: the http://ufp-api-ms.juejin.im is not exist
05/19/2019 07:04:08 WARNING: http://ufp-api-ms.juejin.im ERROR 403
05/19/2019 07:04:08 INFO: the http://user-notification-api-ms.juejin.im is not exist
05/19/2019 07:04:08 WARNING: http://user-notification-api-ms.juejin.im ERROR 403
05/19/2019 07:04:08 INFO: the http://user-like-wrapper-ms.juejin.im is not exist
05/19/2019 07:04:08 WARNING: http://user-like-wrapper-ms.juejin.im ERROR 404
05/19/2019 07:04:08 INFO: the http://web-api.juejin.im is not exist
05/19/2019 07:04:09 INFO: http://web-api.juejin.im SUCCESS
05/19/2019 07:04:09 INFO: the http://lccro-api-ms.juejin.im is not exist
05/19/2019 07:04:09 INFO: http://lccro-api-ms.juejin.im SUCCESS
05/19/2019 07:04:09 INFO: the http://ubc-api-ms.juejin.im is not exist
05/19/2019 07:04:09 INFO: http://ubc-api-ms.juejin.im SUCCESS
05/19/2019 07:04:09 INFO: the http://suid-generator-api-ms.juejin.im is not exist
05/19/2019 07:04:09 INFO: http://suid-generator-api-ms.juejin.im SUCCESS
05/19/2019 07:04:09 INFO: the http://comment-wrapper-ms.juejin.im is not exist
05/19/2019 07:04:10 WARNING: http://comment-wrapper-ms.juejin.im ERROR 404
05/19/2019 07:04:10 INFO: the http://user-storage-api-ms.juejin.im is not exist
05/19/2019 07:04:10 WARNING: http://user-storage-api-ms.juejin.im ERROR 403
05/19/2019 07:04:10 INFO: the http://entry-view-storage-api-ms.juejin.im is not exist
05/19/2019 07:04:10 WARNING: http://entry-view-storage-api-ms.juejin.im ERROR 403
05/19/2019 07:04:10 INFO: the http://entry-banner-storage-api-ms.juejin.im is not exist
05/19/2019 07:04:10 WARNING: http://entry-banner-storage-api-ms.juejin.im ERROR 403
05/19/2019 07:04:10 INFO: the http://yearinreview.juejin.im is not exist
05/19/2019 07:04:10 INFO: http://yearinreview.juejin.im SUCCESS
05/19/2019 07:04:11 INFO: the http://auth-center-ms.juejin.im is not exist
05/19/2019 07:04:11 WARNING: http://auth-center-ms.juejin.im ERROR 404
05/19/2019 07:04:11 INFO: the http://push-api-ms.juejin.im is not exist
05/19/2019 07:04:11 WARNING: http://push-api-ms.juejin.im ERROR 403
05/19/2019 07:04:11 INFO: the http://cell-statistics-ms.juejin.im is not exist
05/19/2019 07:04:11 WARNING: http://cell-statistics-ms.juejin.im ERROR 502
05/19/2019 07:04:11 INFO: the http://vote-attender-api-ms.juejin.im is not exist
05/19/2019 07:04:11 WARNING: http://vote-attender-api-ms.juejin.im ERROR 403
05/19/2019 07:04:11 INFO: the http://gold-ad-ms.juejin.im is not exist
05/19/2019 07:04:12 WARNING: http://gold-ad-ms.juejin.im ERROR 403
05/19/2019 07:04:12 INFO: the http://search-merger-ms.juejin.im is not exist
05/19/2019 07:04:12 WARNING: http://search-merger-ms.juejin.im ERROR 403
05/19/2019 07:04:12 INFO: the http://user-ranking-api-ms.juejin.im is not exist
05/19/2019 07:04:12 WARNING: http://user-ranking-api-ms.juejin.im ERROR 403
05/19/2019 07:04:12 INFO: the http://rand-code-ms.juejin.im is not exist
05/19/2019 07:04:12 INFO: http://rand-code-ms.juejin.im SUCCESS
05/19/2019 09:58:56 INFO: the http://d.pcs.baidu.com is not exist
05/19/2019 09:58:56 WARNING: http://d.pcs.baidu.com ERROR 403
05/19/2019 09:58:56 INFO: the http://t11.baidu.com is not exist
05/19/2019 09:58:56 WARNING: http://t11.baidu.com ERROR 403
05/19/2019 09:58:56 INFO: the http://api.share.baidu.com is not exist
05/19/2019 09:58:56 INFO: the http://gss2.baidu.com is not exist
05/19/2019 09:58:56 WARNING: http://gss2.baidu.com ERROR 403
05/19/2019 09:58:56 INFO: the http://bdimg.share.baidu.com is not exist
05/19/2019 09:58:57 INFO: http://bdimg.share.baidu.com SUCCESS
05/19/2019 09:58:57 INFO: the http://baike.baidu.com is not exist
05/19/2019 09:58:57 INFO: the http://iwenjuan.baidu.com is not exist
05/19/2019 09:58:59 INFO: the http://ss1.baidu.com is not exist
05/19/2019 09:59:01 INFO: the http://news.baidu.com is not exist
05/19/2019 09:59:01 INFO: the http://t9.baidu.com is not exist
05/19/2019 09:59:01 WARNING: http://t9.baidu.com ERROR 403
05/19/2019 09:59:01 INFO: the http://apkprotect.baidu.com is not exist
05/19/2019 09:59:02 INFO: the http://po.baidu.com is not exist
05/19/2019 09:59:02 INFO: the http://yuedu.baidu.com is not exist
05/19/2019 09:59:02 INFO: the http://panpic.baidu.com is not exist
05/19/2019 09:59:02 INFO: the http://gsp0.baidu.com is not exist
05/19/2019 09:59:02 INFO: the http://afd.baidu.com is not exist
05/19/2019 09:59:02 INFO: the http://t1.baidu.com is not exist
05/19/2019 09:59:03 WARNING: http://t1.baidu.com ERROR 403
05/19/2019 09:59:03 INFO: the http://srsdk.baidu.com is not exist
05/19/2019 09:59:03 INFO: http://srsdk.baidu.com SUCCESS
05/19/2019 09:59:03 INFO: the http://cpu.baidu.com is not exist
05/19/2019 09:59:03 INFO: the http://shouji.baidu.com is not exist
05/19/2019 09:59:03 INFO: the http://idm-su.baidu.com is not exist
05/19/2019 09:59:03 INFO: the http://urlsafe.baidu.com is not exist
05/19/2019 09:59:03 INFO: the http://domain-offline.baidu.com is not exist
05/19/2019 09:59:04 INFO: the http://ww.baidu.com is not exist
05/19/2019 09:59:04 INFO: the http://ada.baidu.com is not exist
05/19/2019 09:59:04 INFO: the http://mfcopen.baidu.com is not exist
05/19/2019 09:59:04 INFO: the http://liulanqi.baidu.com is not exist
05/19/2019 09:59:04 INFO: the http://toolbar.baidu.com is not exist
05/19/2019 09:59:04 INFO: the http://shadu.baidu.com is not exist
05/19/2019 09:59:05 INFO: the http://unionsug.baidu.com is not exist
05/19/2019 09:59:05 INFO: the http://cbjs.baidu.com is not exist
05/19/2019 09:59:05 INFO: the http://music.baidu.com is not exist
05/19/2019 09:59:05 INFO: the http://gss0.baidu.com is not exist
05/19/2019 09:59:05 WARNING: http://gss0.baidu.com ERROR 403
05/19/2019 09:59:05 INFO: the http://bdplus.baidu.com is not exist
05/19/2019 09:59:05 INFO: the http://bar.baidu.com is not exist
05/19/2019 09:59:05 INFO: the http://hmcdn.baidu.com is not exist
05/19/2019 09:59:06 INFO: the http://downapp.baidu.com is not exist
05/19/2019 09:59:06 INFO: the http://fc1tn.baidu.com is not exist
05/19/2019 09:59:06 INFO: the http://openrcv.baidu.com is not exist
05/19/2019 09:59:06 INFO: the http://httpsdns.baidu.com is not exist
05/19/2019 09:59:06 WARNING: http://httpsdns.baidu.com ERROR 400
05/19/2019 09:59:07 INFO: the http://hijack.baidu.com is not exist
05/19/2019 09:59:07 INFO: the http://appsearchcdnpcs.baidu.com is not exist
05/19/2019 09:59:07 WARNING: http://appsearchcdnpcs.baidu.com ERROR 403
05/19/2019 09:59:07 INFO: the http://wangdan.baidu.com is not exist
05/19/2019 09:59:07 INFO: the http://ss3.baidu.com is not exist
05/19/2019 09:59:07 INFO: the http://q2.baidu.com is not exist
05/19/2019 09:59:07 WARNING: http://q2.baidu.com ERROR 403
05/19/2019 09:59:07 INFO: the http://csm.baidu.com is not exist
05/19/2019 09:59:08 INFO: the http://libs.baidu.com is not exist
05/19/2019 09:59:08 INFO: the http://mappsearch.gdown.baidu.com is not exist
05/19/2019 09:59:08 WARNING: http://mappsearch.gdown.baidu.com ERROR 403
05/19/2019 09:59:08 INFO: the http://dxp.baidu.com is not exist
05/19/2019 09:59:08 WARNING: http://dxp.baidu.com ERROR 404
05/19/2019 09:59:09 INFO: the http://mhappsearch.gdown.baidu.com is not exist
05/19/2019 09:59:09 INFO: the http://useractionsdkapi.baidu.com is not exist
05/19/2019 09:59:09 INFO: the http://ss0.baidu.com is not exist
05/19/2019 09:59:09 INFO: the http://sclick.baidu.com is not exist
05/19/2019 09:59:09 INFO: the http://gdown.baidu.com is not exist
05/19/2019 09:59:10 INFO: the http://t10.baidu.com is not exist
05/19/2019 09:59:10 WARNING: http://t10.baidu.com ERROR 403
05/19/2019 09:59:10 INFO: the http://logs.baidu.com is not exist
05/19/2019 09:59:10 INFO: the http://qapm.baidu.com is not exist
05/19/2019 09:59:10 INFO: the http://appdown.baidu.com is not exist
05/19/2019 09:59:10 INFO: the http://cklbs.baidu.com is not exist
05/19/2019 09:59:10 INFO: the http://mtjsocket.baidu.com is not exist
05/19/2019 09:59:10 INFO: the http://w.gdown.baidu.com is not exist
